2025-02-19 17:00:18.650316 INFO::Writing function arguments to log file
2025-02-19 17:00:18.652438 DEBUG::Function arguments
2025-02-19 17:00:18.653173 DEBUG::Output folder: ../intermediate_files/maaslin/Q1/Phylum//healthy vs Grouppre_ltx
2025-02-19 17:00:18.653849 DEBUG::Min Abundance: 0.000000
2025-02-19 17:00:18.654838 DEBUG::Min Prevalence: 0.000000
2025-02-19 17:00:18.655586 DEBUG::Normalization: TSS
2025-02-19 17:00:18.656262 DEBUG::Transform: LOG
2025-02-19 17:00:18.6569 DEBUG::Analysis method: LM
2025-02-19 17:00:18.657595 DEBUG::Max significance: 0.050000
2025-02-19 17:00:18.658252 DEBUG::Random effects: Patient
2025-02-19 17:00:18.658887 DEBUG::Fixed effects: Group,Country
2025-02-19 17:00:18.659541 DEBUG::Correction method: BH
2025-02-19 17:00:18.660479 DEBUG::Standardize: TRUE
2025-02-19 17:00:18.661106 DEBUG::Cores: 1
2025-02-19 17:00:18.661698 INFO::Verifying options selected are valid
2025-02-19 17:00:18.663531 INFO::Determining format of input files
2025-02-19 17:00:18.6653 INFO::Input format is data samples as columns and metadata samples as rows
2025-02-19 17:00:18.668936 DEBUG::Transformed data so samples are rows
2025-02-19 17:00:18.669833 DEBUG::A total of 411 samples were found in both the data and metadata
2025-02-19 17:00:18.67053 DEBUG::Reordering data/metadata to use same sample ordering
2025-02-19 17:00:18.671496 INFO::Formula for random effects: expr ~ (1 | Patient)
2025-02-19 17:00:18.673343 INFO::Formula for fixed effects: expr ~  Group + Country
2025-02-19 17:00:18.675453 INFO::Factor detected for categorial metadata 'Group'. Provide a reference argument or manually set factor ordering to change reference level.
2025-02-19 17:00:18.677425 INFO::Filter data based on min abundance and min prevalence
2025-02-19 17:00:18.68007 INFO::Total samples in data: 411
2025-02-19 17:00:18.682206 INFO::Min samples required with min abundance for a feature not to be filtered: 0.000000
2025-02-19 17:00:18.684856 INFO::Total filtered features: 0
2025-02-19 17:00:18.689474 INFO::Filtered feature names from abundance and prevalence filtering:
2025-02-19 17:00:18.695282 INFO::Total filtered features with variance filtering: 0
2025-02-19 17:00:18.699019 INFO::Filtered feature names from variance filtering:
2025-02-19 17:00:18.704265 INFO::Running selected normalization method: TSS
2025-02-19 17:00:18.711585 INFO::Applying z-score to standardize continuous metadata
2025-02-19 17:00:18.719459 INFO::Running selected transform method: LOG
2025-02-19 17:00:18.724345 INFO::Running selected analysis method: LM
2025-02-19 17:00:18.728688 INFO::Fitting model to feature number 1, Actinobacteriota
2025-02-19 17:00:18.810854 INFO::Fitting model to feature number 2, Bacteroidota
2025-02-19 17:00:18.877613 INFO::Fitting model to feature number 3, Cyanobacteria
2025-02-19 17:00:18.951817 INFO::Fitting model to feature number 4, Desulfobacterota
2025-02-19 17:00:19.010185 INFO::Fitting model to feature number 5, Firmicutes
2025-02-19 17:00:19.072892 INFO::Fitting model to feature number 6, Fusobacteriota
2025-02-19 17:00:19.158573 INFO::Fitting model to feature number 7, Proteobacteria
2025-02-19 17:00:19.210652 INFO::Fitting model to feature number 8, Verrucomicrobiota
2025-02-19 17:00:19.279876 INFO::Counting total values for each feature
2025-02-19 17:00:19.286604 INFO::Writing filtered data to file ../intermediate_files/maaslin/Q1/Phylum//healthy vs Grouppre_ltx/features/filtered_data.tsv
2025-02-19 17:00:19.299746 INFO::Writing filtered, normalized data to file ../intermediate_files/maaslin/Q1/Phylum//healthy vs Grouppre_ltx/features/filtered_data_norm.tsv
2025-02-19 17:00:19.332254 INFO::Writing filtered, normalized, transformed data to file ../intermediate_files/maaslin/Q1/Phylum//healthy vs Grouppre_ltx/features/filtered_data_norm_transformed.tsv
2025-02-19 17:00:19.357911 WARNING::Deleting existing residuals file: ../intermediate_files/maaslin/Q1/Phylum//healthy vs Grouppre_ltx/fits/residuals.rds
2025-02-19 17:00:19.361063 INFO::Writing residuals to file ../intermediate_files/maaslin/Q1/Phylum//healthy vs Grouppre_ltx/fits/residuals.rds
2025-02-19 17:00:19.370319 WARNING::Deleting existing fitted file: ../intermediate_files/maaslin/Q1/Phylum//healthy vs Grouppre_ltx/fits/fitted.rds
2025-02-19 17:00:19.375474 INFO::Writing fitted values to file ../intermediate_files/maaslin/Q1/Phylum//healthy vs Grouppre_ltx/fits/fitted.rds
2025-02-19 17:00:19.382066 WARNING::Deleting existing ranef file: ../intermediate_files/maaslin/Q1/Phylum//healthy vs Grouppre_ltx/fits/ranef.rds
2025-02-19 17:00:19.387032 INFO::Writing extracted random effects to file ../intermediate_files/maaslin/Q1/Phylum//healthy vs Grouppre_ltx/fits/ranef.rds
2025-02-19 17:00:19.394466 INFO::Writing all results to file (ordered by increasing q-values): ../intermediate_files/maaslin/Q1/Phylum//healthy vs Grouppre_ltx/all_results.tsv
2025-02-19 17:00:19.399807 INFO::Writing the significant results (those which are less than or equal to the threshold of 0.050000 ) to file (ordered by increasing q-values): ../intermediate_files/maaslin/Q1/Phylum//healthy vs Grouppre_ltx/significant_results.tsv
2025-02-19 17:00:19.403182 INFO::Writing heatmap of significant results to file: ../intermediate_files/maaslin/Q1/Phylum//healthy vs Grouppre_ltx/heatmap.pdf
2025-02-19 17:00:19.487808 INFO::Writing association plots (one for each significant association) to output folder: ../intermediate_files/maaslin/Q1/Phylum//healthy vs Grouppre_ltx
2025-02-19 17:00:19.492412 INFO::Plotting associations from most to least significant, grouped by metadata
2025-02-19 17:00:19.497145 INFO::Plotting data for metadata number 1, Country
2025-02-19 17:00:19.50527 INFO::Creating boxplot for categorical data, Country vs Actinobacteriota
2025-02-19 17:00:19.747872 INFO::Creating boxplot for categorical data, Country vs Proteobacteria
2025-02-19 17:00:20.877249 INFO::Plotting data for metadata number 2, Group
2025-02-19 17:00:20.885882 INFO::Creating boxplot for categorical data, Group vs Cyanobacteria
2025-02-19 17:00:21.271448 INFO::Creating boxplot for categorical data, Group vs Desulfobacterota
2025-02-19 17:00:21.673468 INFO::Creating boxplot for categorical data, Group vs Bacteroidota
2025-02-19 17:00:22.013981 INFO::Creating boxplot for categorical data, Group vs Proteobacteria
