2025-02-05 09:22:09.083347 INFO::Writing function arguments to log file
2025-02-05 09:22:09.085511 DEBUG::Function arguments
2025-02-05 09:22:09.086188 DEBUG::Output folder: ../intermediate_files/maaslin/Q1_czech/Phylum//healthy vs Grouppost_ltx
2025-02-05 09:22:09.086748 DEBUG::Min Abundance: 0.000000
2025-02-05 09:22:09.087306 DEBUG::Min Prevalence: 0.000000
2025-02-05 09:22:09.087885 DEBUG::Normalization: TSS
2025-02-05 09:22:09.088999 DEBUG::Transform: LOG
2025-02-05 09:22:09.090168 DEBUG::Analysis method: LM
2025-02-05 09:22:09.091259 DEBUG::Max significance: 0.050000
2025-02-05 09:22:09.092327 DEBUG::Random effects: Patient
2025-02-05 09:22:09.093371 DEBUG::Fixed effects: Group
2025-02-05 09:22:09.0944 DEBUG::Correction method: BH
2025-02-05 09:22:09.096824 DEBUG::Standardize: TRUE
2025-02-05 09:22:09.098032 DEBUG::Cores: 1
2025-02-05 09:22:09.099096 INFO::Verifying options selected are valid
2025-02-05 09:22:09.101244 INFO::Determining format of input files
2025-02-05 09:22:09.103686 INFO::Input format is data samples as columns and metadata samples as rows
2025-02-05 09:22:09.152338 DEBUG::Transformed data so samples are rows
2025-02-05 09:22:09.153576 DEBUG::A total of 304 samples were found in both the data and metadata
2025-02-05 09:22:09.154331 DEBUG::Reordering data/metadata to use same sample ordering
2025-02-05 09:22:09.166376 INFO::Formula for random effects: expr ~ (1 | Patient)
2025-02-05 09:22:09.169501 INFO::Formula for fixed effects: expr ~  Group
2025-02-05 09:22:09.172228 INFO::Factor detected for categorial metadata 'Group'. Provide a reference argument or manually set factor ordering to change reference level.
2025-02-05 09:22:09.17667 INFO::Filter data based on min abundance and min prevalence
2025-02-05 09:22:09.17869 INFO::Total samples in data: 304
2025-02-05 09:22:09.18056 INFO::Min samples required with min abundance for a feature not to be filtered: 0.000000
2025-02-05 09:22:09.182214 INFO::Total filtered features: 0
2025-02-05 09:22:09.183518 INFO::Filtered feature names from abundance and prevalence filtering:
2025-02-05 09:22:09.185047 INFO::Total filtered features with variance filtering: 0
2025-02-05 09:22:09.186382 INFO::Filtered feature names from variance filtering:
2025-02-05 09:22:09.189598 INFO::Running selected normalization method: TSS
2025-02-05 09:22:09.19347 INFO::Applying z-score to standardize continuous metadata
2025-02-05 09:22:09.200316 INFO::Running selected transform method: LOG
2025-02-05 09:22:09.203493 INFO::Running selected analysis method: LM
2025-02-05 09:22:09.206004 INFO::Fitting model to feature number 1, Actinobacteriota
2025-02-05 09:22:09.27863 INFO::Fitting model to feature number 2, Bacteroidota
2025-02-05 09:22:09.331744 INFO::Fitting model to feature number 3, Cyanobacteria
2025-02-05 09:22:09.368107 INFO::Fitting model to feature number 4, Desulfobacterota
2025-02-05 09:22:09.413535 INFO::Fitting model to feature number 5, Firmicutes
2025-02-05 09:22:09.462713 INFO::Fitting model to feature number 6, Fusobacteriota
2025-02-05 09:22:09.528066 INFO::Fitting model to feature number 7, Patescibacteria
2025-02-05 09:22:09.566193 INFO::Fitting model to feature number 8, Proteobacteria
2025-02-05 09:22:09.601692 INFO::Fitting model to feature number 9, Verrucomicrobiota
2025-02-05 09:22:09.635727 INFO::Fitting model to feature number 10, Campylobacterota
2025-02-05 09:22:09.675704 INFO::Counting total values for each feature
2025-02-05 09:22:09.677637 INFO::Writing filtered data to file ../intermediate_files/maaslin/Q1_czech/Phylum//healthy vs Grouppost_ltx/features/filtered_data.tsv
2025-02-05 09:22:09.681665 INFO::Writing filtered, normalized data to file ../intermediate_files/maaslin/Q1_czech/Phylum//healthy vs Grouppost_ltx/features/filtered_data_norm.tsv
2025-02-05 09:22:09.688129 INFO::Writing filtered, normalized, transformed data to file ../intermediate_files/maaslin/Q1_czech/Phylum//healthy vs Grouppost_ltx/features/filtered_data_norm_transformed.tsv
2025-02-05 09:22:09.696194 WARNING::Deleting existing residuals file: ../intermediate_files/maaslin/Q1_czech/Phylum//healthy vs Grouppost_ltx/fits/residuals.rds
2025-02-05 09:22:09.697643 INFO::Writing residuals to file ../intermediate_files/maaslin/Q1_czech/Phylum//healthy vs Grouppost_ltx/fits/residuals.rds
2025-02-05 09:22:09.700254 WARNING::Deleting existing fitted file: ../intermediate_files/maaslin/Q1_czech/Phylum//healthy vs Grouppost_ltx/fits/fitted.rds
2025-02-05 09:22:09.701606 INFO::Writing fitted values to file ../intermediate_files/maaslin/Q1_czech/Phylum//healthy vs Grouppost_ltx/fits/fitted.rds
2025-02-05 09:22:09.703767 WARNING::Deleting existing ranef file: ../intermediate_files/maaslin/Q1_czech/Phylum//healthy vs Grouppost_ltx/fits/ranef.rds
2025-02-05 09:22:09.705812 INFO::Writing extracted random effects to file ../intermediate_files/maaslin/Q1_czech/Phylum//healthy vs Grouppost_ltx/fits/ranef.rds
2025-02-05 09:22:09.708067 INFO::Writing all results to file (ordered by increasing q-values): ../intermediate_files/maaslin/Q1_czech/Phylum//healthy vs Grouppost_ltx/all_results.tsv
2025-02-05 09:22:09.709993 INFO::Writing the significant results (those which are less than or equal to the threshold of 0.050000 ) to file (ordered by increasing q-values): ../intermediate_files/maaslin/Q1_czech/Phylum//healthy vs Grouppost_ltx/significant_results.tsv
2025-02-05 09:22:09.7115 INFO::Writing heatmap of significant results to file: ../intermediate_files/maaslin/Q1_czech/Phylum//healthy vs Grouppost_ltx/heatmap.pdf
2025-02-05 09:22:09.713077 INFO::Writing association plots (one for each significant association) to output folder: ../intermediate_files/maaslin/Q1_czech/Phylum//healthy vs Grouppost_ltx
2025-02-05 09:22:09.714763 INFO::Plotting associations from most to least significant, grouped by metadata
2025-02-05 09:22:09.71582 INFO::Plotting data for metadata number 1, Group
2025-02-05 09:22:09.717419 INFO::Creating boxplot for categorical data, Group vs Fusobacteriota
2025-02-05 09:22:09.843884 INFO::Creating boxplot for categorical data, Group vs Proteobacteria
2025-02-05 09:22:09.941691 INFO::Creating boxplot for categorical data, Group vs Bacteroidota
2025-02-05 09:22:10.077215 INFO::Creating boxplot for categorical data, Group vs Desulfobacterota
2025-02-05 09:22:10.182375 INFO::Creating boxplot for categorical data, Group vs Campylobacterota
2025-02-05 09:22:10.287298 INFO::Creating boxplot for categorical data, Group vs Verrucomicrobiota
