2025-02-19 16:57:56.325374 INFO::Writing function arguments to log file
2025-02-19 16:57:56.328012 DEBUG::Function arguments
2025-02-19 16:57:56.328989 DEBUG::Output folder: ../intermediate_files/maaslin/Q2/Phylum//non-rPSC vs GrouprPSC
2025-02-19 16:57:56.329791 DEBUG::Min Abundance: 0.000000
2025-02-19 16:57:56.330518 DEBUG::Min Prevalence: 0.000000
2025-02-19 16:57:56.331205 DEBUG::Normalization: TSS
2025-02-19 16:57:56.331933 DEBUG::Transform: LOG
2025-02-19 16:57:56.332614 DEBUG::Analysis method: LM
2025-02-19 16:57:56.333293 DEBUG::Max significance: 0.050000
2025-02-19 16:57:56.334041 DEBUG::Random effects: Patient
2025-02-19 16:57:56.335048 DEBUG::Fixed effects: Group,Country
2025-02-19 16:57:56.335909 DEBUG::Correction method: BH
2025-02-19 16:57:56.339396 DEBUG::Standardize: TRUE
2025-02-19 16:57:56.340958 DEBUG::Cores: 1
2025-02-19 16:57:56.342023 INFO::Verifying options selected are valid
2025-02-19 16:57:56.344713 INFO::Determining format of input files
2025-02-19 16:57:56.347442 INFO::Input format is data samples as columns and metadata samples as rows
2025-02-19 16:57:56.352062 DEBUG::Transformed data so samples are rows
2025-02-19 16:57:56.353429 DEBUG::A total of 350 samples were found in both the data and metadata
2025-02-19 16:57:56.354252 DEBUG::Reordering data/metadata to use same sample ordering
2025-02-19 16:57:56.355357 INFO::Formula for random effects: expr ~ (1 | Patient)
2025-02-19 16:57:56.357747 INFO::Formula for fixed effects: expr ~  Group + Country
2025-02-19 16:57:56.359832 INFO::Factor detected for categorial metadata 'Group'. Provide a reference argument or manually set factor ordering to change reference level.
2025-02-19 16:57:56.361879 INFO::Filter data based on min abundance and min prevalence
2025-02-19 16:57:56.363629 INFO::Total samples in data: 350
2025-02-19 16:57:56.365387 INFO::Min samples required with min abundance for a feature not to be filtered: 0.000000
2025-02-19 16:57:56.36748 INFO::Total filtered features: 0
2025-02-19 16:57:56.369239 INFO::Filtered feature names from abundance and prevalence filtering:
2025-02-19 16:57:56.371462 INFO::Total filtered features with variance filtering: 0
2025-02-19 16:57:56.373339 INFO::Filtered feature names from variance filtering:
2025-02-19 16:57:56.375054 INFO::Running selected normalization method: TSS
2025-02-19 16:57:56.377712 INFO::Applying z-score to standardize continuous metadata
2025-02-19 16:57:56.382472 INFO::Running selected transform method: LOG
2025-02-19 16:57:56.385165 INFO::Running selected analysis method: LM
2025-02-19 16:57:56.388601 INFO::Fitting model to feature number 1, Actinobacteriota
2025-02-19 16:57:56.487239 INFO::Fitting model to feature number 2, Bacteroidota
2025-02-19 16:57:56.553235 INFO::Fitting model to feature number 3, Cyanobacteria
2025-02-19 16:57:56.646498 INFO::Fitting model to feature number 4, Desulfobacterota
2025-02-19 16:57:56.737763 INFO::Fitting model to feature number 5, Firmicutes
2025-02-19 16:57:56.947281 INFO::Fitting model to feature number 6, Fusobacteriota
2025-02-19 16:57:57.029216 INFO::Fitting model to feature number 7, Patescibacteria
2025-02-19 16:57:57.123202 INFO::Fitting model to feature number 8, Proteobacteria
2025-02-19 16:57:57.191347 INFO::Fitting model to feature number 9, Verrucomicrobiota
2025-02-19 16:57:57.245318 INFO::Fitting model to feature number 10, Campylobacterota
2025-02-19 16:57:57.325623 INFO::Counting total values for each feature
2025-02-19 16:57:57.329306 INFO::Writing filtered data to file ../intermediate_files/maaslin/Q2/Phylum//non-rPSC vs GrouprPSC/features/filtered_data.tsv
2025-02-19 16:57:57.345413 INFO::Writing filtered, normalized data to file ../intermediate_files/maaslin/Q2/Phylum//non-rPSC vs GrouprPSC/features/filtered_data_norm.tsv
2025-02-19 16:57:57.368181 INFO::Writing filtered, normalized, transformed data to file ../intermediate_files/maaslin/Q2/Phylum//non-rPSC vs GrouprPSC/features/filtered_data_norm_transformed.tsv
2025-02-19 16:57:57.387135 WARNING::Deleting existing residuals file: ../intermediate_files/maaslin/Q2/Phylum//non-rPSC vs GrouprPSC/fits/residuals.rds
2025-02-19 16:57:57.390849 INFO::Writing residuals to file ../intermediate_files/maaslin/Q2/Phylum//non-rPSC vs GrouprPSC/fits/residuals.rds
2025-02-19 16:57:57.398145 WARNING::Deleting existing fitted file: ../intermediate_files/maaslin/Q2/Phylum//non-rPSC vs GrouprPSC/fits/fitted.rds
2025-02-19 16:57:57.401346 INFO::Writing fitted values to file ../intermediate_files/maaslin/Q2/Phylum//non-rPSC vs GrouprPSC/fits/fitted.rds
2025-02-19 16:57:57.407932 WARNING::Deleting existing ranef file: ../intermediate_files/maaslin/Q2/Phylum//non-rPSC vs GrouprPSC/fits/ranef.rds
2025-02-19 16:57:57.413487 INFO::Writing extracted random effects to file ../intermediate_files/maaslin/Q2/Phylum//non-rPSC vs GrouprPSC/fits/ranef.rds
2025-02-19 16:57:57.420703 INFO::Writing all results to file (ordered by increasing q-values): ../intermediate_files/maaslin/Q2/Phylum//non-rPSC vs GrouprPSC/all_results.tsv
2025-02-19 16:57:57.427181 INFO::Writing the significant results (those which are less than or equal to the threshold of 0.050000 ) to file (ordered by increasing q-values): ../intermediate_files/maaslin/Q2/Phylum//non-rPSC vs GrouprPSC/significant_results.tsv
2025-02-19 16:57:57.431765 INFO::Writing heatmap of significant results to file: ../intermediate_files/maaslin/Q2/Phylum//non-rPSC vs GrouprPSC/heatmap.pdf
2025-02-19 16:57:57.51661 INFO::Writing association plots (one for each significant association) to output folder: ../intermediate_files/maaslin/Q2/Phylum//non-rPSC vs GrouprPSC
2025-02-19 16:57:57.520206 INFO::Plotting associations from most to least significant, grouped by metadata
2025-02-19 16:57:57.523181 INFO::Plotting data for metadata number 1, Country
2025-02-19 16:57:57.527403 INFO::Creating boxplot for categorical data, Country vs Actinobacteriota
2025-02-19 16:57:57.740767 INFO::Creating boxplot for categorical data, Country vs Patescibacteria
2025-02-19 16:57:57.974159 INFO::Creating boxplot for categorical data, Country vs Proteobacteria
2025-02-19 16:57:58.995828 INFO::Plotting data for metadata number 2, Group
2025-02-19 16:57:58.999872 INFO::Creating boxplot for categorical data, Group vs Desulfobacterota
2025-02-19 16:57:59.254694 INFO::Creating boxplot for categorical data, Group vs Firmicutes
2025-02-19 16:57:59.471032 INFO::Creating boxplot for categorical data, Group vs Proteobacteria
