2025-02-19 16:58:07.78632 INFO::Writing function arguments to log file
2025-02-19 16:58:07.79007 DEBUG::Function arguments
2025-02-19 16:58:07.790933 DEBUG::Output folder: ../intermediate_files/maaslin/Q2/Phylum//healthy vs GrouprPSC
2025-02-19 16:58:07.791651 DEBUG::Min Abundance: 0.000000
2025-02-19 16:58:07.792323 DEBUG::Min Prevalence: 0.000000
2025-02-19 16:58:07.793 DEBUG::Normalization: TSS
2025-02-19 16:58:07.793728 DEBUG::Transform: LOG
2025-02-19 16:58:07.794387 DEBUG::Analysis method: LM
2025-02-19 16:58:07.79508 DEBUG::Max significance: 0.050000
2025-02-19 16:58:07.795749 DEBUG::Random effects: Patient
2025-02-19 16:58:07.796407 DEBUG::Fixed effects: Group,Country
2025-02-19 16:58:07.797023 DEBUG::Correction method: BH
2025-02-19 16:58:07.798997 DEBUG::Standardize: TRUE
2025-02-19 16:58:07.800474 DEBUG::Cores: 1
2025-02-19 16:58:07.801794 INFO::Verifying options selected are valid
2025-02-19 16:58:07.805386 INFO::Determining format of input files
2025-02-19 16:58:07.807516 INFO::Input format is data samples as columns and metadata samples as rows
2025-02-19 16:58:07.810528 DEBUG::Transformed data so samples are rows
2025-02-19 16:58:07.811553 DEBUG::A total of 248 samples were found in both the data and metadata
2025-02-19 16:58:07.812294 DEBUG::Reordering data/metadata to use same sample ordering
2025-02-19 16:58:07.813294 INFO::Formula for random effects: expr ~ (1 | Patient)
2025-02-19 16:58:07.815247 INFO::Formula for fixed effects: expr ~  Group + Country
2025-02-19 16:58:07.817111 INFO::Factor detected for categorial metadata 'Group'. Provide a reference argument or manually set factor ordering to change reference level.
2025-02-19 16:58:07.819103 INFO::Filter data based on min abundance and min prevalence
2025-02-19 16:58:07.823138 INFO::Total samples in data: 248
2025-02-19 16:58:07.826973 INFO::Min samples required with min abundance for a feature not to be filtered: 0.000000
2025-02-19 16:58:07.829831 INFO::Total filtered features: 0
2025-02-19 16:58:07.831715 INFO::Filtered feature names from abundance and prevalence filtering:
2025-02-19 16:58:07.833846 INFO::Total filtered features with variance filtering: 0
2025-02-19 16:58:07.835616 INFO::Filtered feature names from variance filtering:
2025-02-19 16:58:07.837322 INFO::Running selected normalization method: TSS
2025-02-19 16:58:07.840535 INFO::Applying z-score to standardize continuous metadata
2025-02-19 16:58:07.849289 INFO::Running selected transform method: LOG
2025-02-19 16:58:07.852709 INFO::Running selected analysis method: LM
2025-02-19 16:58:07.857611 INFO::Fitting model to feature number 1, Actinobacteriota
2025-02-19 16:58:07.92433 INFO::Fitting model to feature number 2, Bacteroidota
2025-02-19 16:58:07.997822 INFO::Fitting model to feature number 3, Cyanobacteria
2025-02-19 16:58:08.081591 INFO::Fitting model to feature number 4, Desulfobacterota
2025-02-19 16:58:08.152444 INFO::Fitting model to feature number 5, Firmicutes
2025-02-19 16:58:08.22898 INFO::Fitting model to feature number 6, Fusobacteriota
2025-02-19 16:58:08.316819 INFO::Fitting model to feature number 7, Proteobacteria
2025-02-19 16:58:08.399517 INFO::Fitting model to feature number 8, Verrucomicrobiota
2025-02-19 16:58:08.503324 INFO::Fitting model to feature number 9, Campylobacterota
2025-02-19 16:58:08.59445 INFO::Fitting model to feature number 10, Patescibacteria
2025-02-19 16:58:08.682315 INFO::Counting total values for each feature
2025-02-19 16:58:08.689228 INFO::Writing filtered data to file ../intermediate_files/maaslin/Q2/Phylum//healthy vs GrouprPSC/features/filtered_data.tsv
2025-02-19 16:58:08.706714 INFO::Writing filtered, normalized data to file ../intermediate_files/maaslin/Q2/Phylum//healthy vs GrouprPSC/features/filtered_data_norm.tsv
2025-02-19 16:58:08.72855 INFO::Writing filtered, normalized, transformed data to file ../intermediate_files/maaslin/Q2/Phylum//healthy vs GrouprPSC/features/filtered_data_norm_transformed.tsv
2025-02-19 16:58:08.743983 WARNING::Deleting existing residuals file: ../intermediate_files/maaslin/Q2/Phylum//healthy vs GrouprPSC/fits/residuals.rds
2025-02-19 16:58:08.746822 INFO::Writing residuals to file ../intermediate_files/maaslin/Q2/Phylum//healthy vs GrouprPSC/fits/residuals.rds
2025-02-19 16:58:08.752725 WARNING::Deleting existing fitted file: ../intermediate_files/maaslin/Q2/Phylum//healthy vs GrouprPSC/fits/fitted.rds
2025-02-19 16:58:08.757651 INFO::Writing fitted values to file ../intermediate_files/maaslin/Q2/Phylum//healthy vs GrouprPSC/fits/fitted.rds
2025-02-19 16:58:08.761993 WARNING::Deleting existing ranef file: ../intermediate_files/maaslin/Q2/Phylum//healthy vs GrouprPSC/fits/ranef.rds
2025-02-19 16:58:08.764508 INFO::Writing extracted random effects to file ../intermediate_files/maaslin/Q2/Phylum//healthy vs GrouprPSC/fits/ranef.rds
2025-02-19 16:58:08.768227 INFO::Writing all results to file (ordered by increasing q-values): ../intermediate_files/maaslin/Q2/Phylum//healthy vs GrouprPSC/all_results.tsv
2025-02-19 16:58:08.77473 INFO::Writing the significant results (those which are less than or equal to the threshold of 0.050000 ) to file (ordered by increasing q-values): ../intermediate_files/maaslin/Q2/Phylum//healthy vs GrouprPSC/significant_results.tsv
2025-02-19 16:58:08.777908 INFO::Writing heatmap of significant results to file: ../intermediate_files/maaslin/Q2/Phylum//healthy vs GrouprPSC/heatmap.pdf
2025-02-19 16:58:08.851891 INFO::Writing association plots (one for each significant association) to output folder: ../intermediate_files/maaslin/Q2/Phylum//healthy vs GrouprPSC
2025-02-19 16:58:08.857824 INFO::Plotting associations from most to least significant, grouped by metadata
2025-02-19 16:58:08.861036 INFO::Plotting data for metadata number 1, Country
2025-02-19 16:58:08.86687 INFO::Creating boxplot for categorical data, Country vs Actinobacteriota
2025-02-19 16:58:09.041515 INFO::Creating boxplot for categorical data, Country vs Patescibacteria
2025-02-19 16:58:09.748524 INFO::Plotting data for metadata number 2, Group
2025-02-19 16:58:09.754782 INFO::Creating boxplot for categorical data, Group vs Desulfobacterota
2025-02-19 16:58:10.001018 INFO::Creating boxplot for categorical data, Group vs Proteobacteria
2025-02-19 16:58:10.239987 INFO::Creating boxplot for categorical data, Group vs Bacteroidota
2025-02-19 16:58:10.44866 INFO::Creating boxplot for categorical data, Group vs Cyanobacteria
2025-02-19 16:58:10.661962 INFO::Creating boxplot for categorical data, Group vs Fusobacteriota
2025-02-19 16:58:10.979539 INFO::Creating boxplot for categorical data, Group vs Firmicutes
2025-02-19 16:58:11.181859 INFO::Creating boxplot for categorical data, Group vs Campylobacterota
