2025-02-19 16:39:40.826661 INFO::Writing function arguments to log file
2025-02-19 16:39:40.82887 DEBUG::Function arguments
2025-02-19 16:39:40.829683 DEBUG::Output folder: ../intermediate_files/maaslin/Q2/Phylum//rPSC vs Grouphealthy
2025-02-19 16:39:40.830442 DEBUG::Min Abundance: 0.000000
2025-02-19 16:39:40.831143 DEBUG::Min Prevalence: 0.000000
2025-02-19 16:39:40.831797 DEBUG::Normalization: TSS
2025-02-19 16:39:40.832446 DEBUG::Transform: LOG
2025-02-19 16:39:40.833099 DEBUG::Analysis method: LM
2025-02-19 16:39:40.833774 DEBUG::Max significance: 0.050000
2025-02-19 16:39:40.834424 DEBUG::Random effects:
2025-02-19 16:39:40.835079 DEBUG::Fixed effects: Group,Country
2025-02-19 16:39:40.835705 DEBUG::Correction method: BH
2025-02-19 16:39:40.837837 DEBUG::Standardize: TRUE
2025-02-19 16:39:40.838863 DEBUG::Cores: 1
2025-02-19 16:39:40.839608 INFO::Verifying options selected are valid
2025-02-19 16:39:40.841952 INFO::Determining format of input files
2025-02-19 16:39:40.846306 INFO::Input format is data samples as columns and metadata samples as rows
2025-02-19 16:39:40.85146 DEBUG::Transformed data so samples are rows
2025-02-19 16:39:40.853088 DEBUG::A total of 106 samples were found in both the data and metadata
2025-02-19 16:39:40.85442 DEBUG::Reordering data/metadata to use same sample ordering
2025-02-19 16:39:40.856409 INFO::Formula for fixed effects: expr ~  Group + Country
2025-02-19 16:39:40.860725 INFO::Factor detected for categorial metadata 'Group'. Provide a reference argument or manually set factor ordering to change reference level.
2025-02-19 16:39:40.86594 INFO::Filter data based on min abundance and min prevalence
2025-02-19 16:39:40.868368 INFO::Total samples in data: 106
2025-02-19 16:39:40.870988 INFO::Min samples required with min abundance for a feature not to be filtered: 0.000000
2025-02-19 16:39:40.874632 INFO::Total filtered features: 0
2025-02-19 16:39:40.876684 INFO::Filtered feature names from abundance and prevalence filtering:
2025-02-19 16:39:40.878973 INFO::Total filtered features with variance filtering: 0
2025-02-19 16:39:40.880808 INFO::Filtered feature names from variance filtering:
2025-02-19 16:39:40.882507 INFO::Running selected normalization method: TSS
2025-02-19 16:39:40.884825 INFO::Applying z-score to standardize continuous metadata
2025-02-19 16:39:40.890502 INFO::Running selected transform method: LOG
2025-02-19 16:39:40.893785 INFO::Running selected analysis method: LM
2025-02-19 16:39:40.897175 INFO::Fitting model to feature number 1, Actinobacteriota
2025-02-19 16:39:40.903142 INFO::Fitting model to feature number 2, Bacteroidota
2025-02-19 16:39:40.913343 INFO::Fitting model to feature number 3, Cyanobacteria
2025-02-19 16:39:40.924238 INFO::Fitting model to feature number 4, Desulfobacterota
2025-02-19 16:39:40.935069 INFO::Fitting model to feature number 5, Firmicutes
2025-02-19 16:39:40.947669 INFO::Fitting model to feature number 6, Fusobacteriota
2025-02-19 16:39:40.960145 INFO::Fitting model to feature number 7, Patescibacteria
2025-02-19 16:39:40.970945 INFO::Fitting model to feature number 8, Proteobacteria
2025-02-19 16:39:40.979752 INFO::Fitting model to feature number 9, Verrucomicrobiota
2025-02-19 16:39:40.986422 INFO::Fitting model to feature number 10, Campylobacterota
2025-02-19 16:39:40.994624 INFO::Fitting model to feature number 11, Synergistota
2025-02-19 16:39:41.006606 INFO::Counting total values for each feature
2025-02-19 16:39:41.011148 INFO::Writing filtered data to file ../intermediate_files/maaslin/Q2/Phylum//rPSC vs Grouphealthy/features/filtered_data.tsv
2025-02-19 16:39:41.018578 INFO::Writing filtered, normalized data to file ../intermediate_files/maaslin/Q2/Phylum//rPSC vs Grouphealthy/features/filtered_data_norm.tsv
2025-02-19 16:39:41.023986 INFO::Writing filtered, normalized, transformed data to file ../intermediate_files/maaslin/Q2/Phylum//rPSC vs Grouphealthy/features/filtered_data_norm_transformed.tsv
2025-02-19 16:39:41.029825 WARNING::Deleting existing residuals file: ../intermediate_files/maaslin/Q2/Phylum//rPSC vs Grouphealthy/fits/residuals.rds
2025-02-19 16:39:41.032654 INFO::Writing residuals to file ../intermediate_files/maaslin/Q2/Phylum//rPSC vs Grouphealthy/fits/residuals.rds
2025-02-19 16:39:41.037592 WARNING::Deleting existing fitted file: ../intermediate_files/maaslin/Q2/Phylum//rPSC vs Grouphealthy/fits/fitted.rds
2025-02-19 16:39:41.042963 INFO::Writing fitted values to file ../intermediate_files/maaslin/Q2/Phylum//rPSC vs Grouphealthy/fits/fitted.rds
2025-02-19 16:39:41.048206 INFO::Writing all results to file (ordered by increasing q-values): ../intermediate_files/maaslin/Q2/Phylum//rPSC vs Grouphealthy/all_results.tsv
2025-02-19 16:39:41.053662 INFO::Writing the significant results (those which are less than or equal to the threshold of 0.050000 ) to file (ordered by increasing q-values): ../intermediate_files/maaslin/Q2/Phylum//rPSC vs Grouphealthy/significant_results.tsv
2025-02-19 16:39:41.058497 INFO::Writing heatmap of significant results to file: ../intermediate_files/maaslin/Q2/Phylum//rPSC vs Grouphealthy/heatmap.pdf
2025-02-19 16:39:41.156231 INFO::Writing association plots (one for each significant association) to output folder: ../intermediate_files/maaslin/Q2/Phylum//rPSC vs Grouphealthy
2025-02-19 16:39:41.159934 INFO::Plotting associations from most to least significant, grouped by metadata
2025-02-19 16:39:41.162458 INFO::Plotting data for metadata number 1, Country
2025-02-19 16:39:41.166313 INFO::Creating boxplot for categorical data, Country vs Actinobacteriota
2025-02-19 16:39:41.424068 INFO::Creating boxplot for categorical data, Country vs Patescibacteria
2025-02-19 16:39:42.246492 INFO::Plotting data for metadata number 2, Group
2025-02-19 16:39:42.253559 INFO::Creating boxplot for categorical data, Group vs Desulfobacterota
2025-02-19 16:39:42.537075 INFO::Creating boxplot for categorical data, Group vs Cyanobacteria
2025-02-19 16:39:42.94925 INFO::Creating boxplot for categorical data, Group vs Bacteroidota
2025-02-19 16:39:43.192139 INFO::Creating boxplot for categorical data, Group vs Fusobacteriota
2025-02-19 16:39:43.52832 INFO::Creating boxplot for categorical data, Group vs Proteobacteria
