2025-02-18 09:59:58.343437 INFO::Writing function arguments to log file
2025-02-18 09:59:58.348168 DEBUG::Function arguments
2025-02-18 09:59:58.349747 DEBUG::Output folder: ../intermediate_files/maaslin/Q1_norway/Phylum//healthy vs Grouppost_ltx
2025-02-18 09:59:58.351166 DEBUG::Min Abundance: 0.000000
2025-02-18 09:59:58.352643 DEBUG::Min Prevalence: 0.000000
2025-02-18 09:59:58.354092 DEBUG::Normalization: TSS
2025-02-18 09:59:58.355532 DEBUG::Transform: LOG
2025-02-18 09:59:58.35691 DEBUG::Analysis method: LM
2025-02-18 09:59:58.358248 DEBUG::Max significance: 0.050000
2025-02-18 09:59:58.359535 DEBUG::Random effects: Patient
2025-02-18 09:59:58.360822 DEBUG::Fixed effects: Group
2025-02-18 09:59:58.362533 DEBUG::Correction method: BH
2025-02-18 09:59:58.365724 DEBUG::Standardize: TRUE
2025-02-18 09:59:58.368134 DEBUG::Cores: 1
2025-02-18 09:59:58.370065 INFO::Verifying options selected are valid
2025-02-18 09:59:58.374659 INFO::Determining format of input files
2025-02-18 09:59:58.379465 INFO::Input format is data samples as columns and metadata samples as rows
2025-02-18 09:59:58.387362 DEBUG::Transformed data so samples are rows
2025-02-18 09:59:58.389678 DEBUG::A total of 207 samples were found in both the data and metadata
2025-02-18 09:59:58.391394 DEBUG::Reordering data/metadata to use same sample ordering
2025-02-18 09:59:58.39378 INFO::Formula for random effects: expr ~ (1 | Patient)
2025-02-18 09:59:58.398668 INFO::Formula for fixed effects: expr ~  Group
2025-02-18 09:59:58.407009 INFO::Factor detected for categorial metadata 'Group'. Provide a reference argument or manually set factor ordering to change reference level.
2025-02-18 09:59:58.411835 INFO::Filter data based on min abundance and min prevalence
2025-02-18 09:59:58.416777 INFO::Total samples in data: 207
2025-02-18 09:59:58.421259 INFO::Min samples required with min abundance for a feature not to be filtered: 0.000000
2025-02-18 09:59:58.426211 INFO::Total filtered features: 0
2025-02-18 09:59:58.431754 INFO::Filtered feature names from abundance and prevalence filtering:
2025-02-18 09:59:58.437114 INFO::Total filtered features with variance filtering: 0
2025-02-18 09:59:58.441423 INFO::Filtered feature names from variance filtering:
2025-02-18 09:59:58.445724 INFO::Running selected normalization method: TSS
2025-02-18 09:59:58.451612 INFO::Applying z-score to standardize continuous metadata
2025-02-18 09:59:58.46103 INFO::Running selected transform method: LOG
2025-02-18 09:59:58.467259 INFO::Running selected analysis method: LM
2025-02-18 09:59:58.476303 INFO::Fitting model to feature number 1, Actinobacteriota
2025-02-18 09:59:58.6193 INFO::Fitting model to feature number 2, Bacteroidota
2025-02-18 09:59:58.736902 INFO::Fitting model to feature number 3, Cyanobacteria
2025-02-18 09:59:58.900288 INFO::Fitting model to feature number 4, Desulfobacterota
2025-02-18 09:59:59.035358 INFO::Fitting model to feature number 5, Firmicutes
2025-02-18 09:59:59.161802 INFO::Fitting model to feature number 6, Fusobacteriota
2025-02-18 09:59:59.263988 INFO::Fitting model to feature number 7, Proteobacteria
2025-02-18 09:59:59.372235 INFO::Fitting model to feature number 8, Verrucomicrobiota
2025-02-18 09:59:59.498568 INFO::Counting total values for each feature
2025-02-18 09:59:59.505795 INFO::Writing filtered data to file ../intermediate_files/maaslin/Q1_norway/Phylum//healthy vs Grouppost_ltx/features/filtered_data.tsv
2025-02-18 09:59:59.517332 INFO::Writing filtered, normalized data to file ../intermediate_files/maaslin/Q1_norway/Phylum//healthy vs Grouppost_ltx/features/filtered_data_norm.tsv
2025-02-18 09:59:59.535208 INFO::Writing filtered, normalized, transformed data to file ../intermediate_files/maaslin/Q1_norway/Phylum//healthy vs Grouppost_ltx/features/filtered_data_norm_transformed.tsv
2025-02-18 09:59:59.555845 WARNING::Deleting existing residuals file: ../intermediate_files/maaslin/Q1_norway/Phylum//healthy vs Grouppost_ltx/fits/residuals.rds
2025-02-18 09:59:59.5629 INFO::Writing residuals to file ../intermediate_files/maaslin/Q1_norway/Phylum//healthy vs Grouppost_ltx/fits/residuals.rds
2025-02-18 09:59:59.570554 WARNING::Deleting existing fitted file: ../intermediate_files/maaslin/Q1_norway/Phylum//healthy vs Grouppost_ltx/fits/fitted.rds
2025-02-18 09:59:59.576895 INFO::Writing fitted values to file ../intermediate_files/maaslin/Q1_norway/Phylum//healthy vs Grouppost_ltx/fits/fitted.rds
2025-02-18 09:59:59.588954 WARNING::Deleting existing ranef file: ../intermediate_files/maaslin/Q1_norway/Phylum//healthy vs Grouppost_ltx/fits/ranef.rds
2025-02-18 09:59:59.59431 INFO::Writing extracted random effects to file ../intermediate_files/maaslin/Q1_norway/Phylum//healthy vs Grouppost_ltx/fits/ranef.rds
2025-02-18 09:59:59.600202 INFO::Writing all results to file (ordered by increasing q-values): ../intermediate_files/maaslin/Q1_norway/Phylum//healthy vs Grouppost_ltx/all_results.tsv
2025-02-18 09:59:59.606217 INFO::Writing the significant results (those which are less than or equal to the threshold of 0.050000 ) to file (ordered by increasing q-values): ../intermediate_files/maaslin/Q1_norway/Phylum//healthy vs Grouppost_ltx/significant_results.tsv
2025-02-18 09:59:59.61166 INFO::Writing heatmap of significant results to file: ../intermediate_files/maaslin/Q1_norway/Phylum//healthy vs Grouppost_ltx/heatmap.pdf
2025-02-18 09:59:59.61874 INFO::Writing association plots (one for each significant association) to output folder: ../intermediate_files/maaslin/Q1_norway/Phylum//healthy vs Grouppost_ltx
2025-02-18 09:59:59.627878 INFO::Plotting associations from most to least significant, grouped by metadata
2025-02-18 09:59:59.632802 INFO::Plotting data for metadata number 1, Group
2025-02-18 09:59:59.640722 INFO::Creating boxplot for categorical data, Group vs Cyanobacteria
2025-02-18 10:00:00.008269 INFO::Creating boxplot for categorical data, Group vs Desulfobacterota
2025-02-18 10:00:00.373553 INFO::Creating boxplot for categorical data, Group vs Firmicutes
