2025-02-05 09:31:12.035229 INFO::Writing function arguments to log file
2025-02-05 09:31:12.036996 DEBUG::Function arguments
2025-02-05 09:31:12.037704 DEBUG::Output folder: ../intermediate_files/maaslin/Q1_norway//genus/healthy vs Grouppost_ltx
2025-02-05 09:31:12.038314 DEBUG::Min Abundance: 0.000000
2025-02-05 09:31:12.038891 DEBUG::Min Prevalence: 0.000000
2025-02-05 09:31:12.039459 DEBUG::Normalization: TSS
2025-02-05 09:31:12.040027 DEBUG::Transform: LOG
2025-02-05 09:31:12.040585 DEBUG::Analysis method: LM
2025-02-05 09:31:12.041122 DEBUG::Max significance: 0.050000
2025-02-05 09:31:12.042199 DEBUG::Random effects: Patient
2025-02-05 09:31:12.042834 DEBUG::Fixed effects: Group
2025-02-05 09:31:12.043421 DEBUG::Correction method: BH
2025-02-05 09:31:12.045907 DEBUG::Standardize: TRUE
2025-02-05 09:31:12.046642 DEBUG::Cores: 1
2025-02-05 09:31:12.047214 INFO::Verifying options selected are valid
2025-02-05 09:31:12.048267 INFO::Determining format of input files
2025-02-05 09:31:12.049901 INFO::Input format is data samples as columns and metadata samples as rows
2025-02-05 09:31:12.05287 DEBUG::Transformed data so samples are rows
2025-02-05 09:31:12.054228 DEBUG::A total of 207 samples were found in both the data and metadata
2025-02-05 09:31:12.054826 DEBUG::Reordering data/metadata to use same sample ordering
2025-02-05 09:31:12.056358 INFO::Formula for random effects: expr ~ (1 | Patient)
2025-02-05 09:31:12.059746 INFO::Formula for fixed effects: expr ~  Group
2025-02-05 09:31:12.065069 INFO::Factor detected for categorial metadata 'Group'. Provide a reference argument or manually set factor ordering to change reference level.
2025-02-05 09:31:12.068076 INFO::Filter data based on min abundance and min prevalence
2025-02-05 09:31:12.070237 INFO::Total samples in data: 207
2025-02-05 09:31:12.0722 INFO::Min samples required with min abundance for a feature not to be filtered: 0.000000
2025-02-05 09:31:12.077375 INFO::Total filtered features: 0
2025-02-05 09:31:12.079251 INFO::Filtered feature names from abundance and prevalence filtering:
2025-02-05 09:31:12.083473 INFO::Total filtered features with variance filtering: 0
2025-02-05 09:31:12.084773 INFO::Filtered feature names from variance filtering:
2025-02-05 09:31:12.085781 INFO::Running selected normalization method: TSS
2025-02-05 09:31:12.089577 INFO::Applying z-score to standardize continuous metadata
2025-02-05 09:31:12.092951 INFO::Running selected transform method: LOG
2025-02-05 09:31:12.099079 INFO::Running selected analysis method: LM
2025-02-05 09:31:12.101041 INFO::Fitting model to feature number 1, Actinomyces
2025-02-05 09:31:12.144057 INFO::Fitting model to feature number 2, Bifidobacterium
2025-02-05 09:31:12.177543 INFO::Fitting model to feature number 3, Rothia
2025-02-05 09:31:12.209407 INFO::Fitting model to feature number 4, Cutibacterium
2025-02-05 09:31:12.240219 INFO::Fitting model to feature number 5, Collinsella
2025-02-05 09:31:12.270725 INFO::Fitting model to feature number 6, Adlercreutzia
2025-02-05 09:31:12.312155 INFO::Fitting model to feature number 7, Eggerthella
2025-02-05 09:31:12.342947 INFO::Fitting model to feature number 8, Senegalimassilia
2025-02-05 09:31:12.383293 INFO::Fitting model to feature number 9, Slackia
2025-02-05 09:31:12.426668 INFO::Fitting model to feature number 10, f__Eggerthellaceae.g__uncultured
2025-02-05 09:31:12.463736 INFO::Fitting model to feature number 11, Bacteroides
2025-02-05 09:31:12.499363 INFO::Fitting model to feature number 12, Barnesiella
2025-02-05 09:31:12.534636 INFO::Fitting model to feature number 13, Coprobacter
2025-02-05 09:31:12.571556 INFO::Fitting model to feature number 14, Butyricimonas
2025-02-05 09:31:12.613824 INFO::Fitting model to feature number 15, Odoribacter
2025-02-05 09:31:12.669467 INFO::Fitting model to feature number 16, Muribaculaceae
2025-02-05 09:31:12.726113 INFO::Fitting model to feature number 17, Paraprevotella
2025-02-05 09:31:12.760012 INFO::Fitting model to feature number 18, Prevotella_7
2025-02-05 09:31:12.791292 INFO::Fitting model to feature number 19, Prevotella_9
2025-02-05 09:31:12.823136 INFO::Fitting model to feature number 20, Alistipes
2025-02-05 09:31:12.854646 INFO::Fitting model to feature number 21, Parabacteroides
2025-02-05 09:31:12.884727 INFO::Fitting model to feature number 22, Parasediminibacterium
2025-02-05 09:31:12.915604 INFO::Fitting model to feature number 23, Gastranaerophilales
2025-02-05 09:31:12.947552 INFO::Fitting model to feature number 24, Bilophila
2025-02-05 09:31:12.985887 INFO::Fitting model to feature number 25, Desulfovibrio
2025-02-05 09:31:13.024273 INFO::Fitting model to feature number 26, Erysipelatoclostridium
2025-02-05 09:31:13.066207 INFO::Fitting model to feature number 27, Erysipelotrichaceae_UCG.003
2025-02-05 09:31:13.096493 INFO::Fitting model to feature number 28, Faecalitalea
2025-02-05 09:31:13.127268 INFO::Fitting model to feature number 29, Holdemania
2025-02-05 09:31:13.158821 INFO::Fitting model to feature number 30, Merdibacter
2025-02-05 09:31:13.189446 INFO::Fitting model to feature number 31, Turicibacter
2025-02-05 09:31:13.218721 INFO::Fitting model to feature number 32, X.Clostridium._innocuum_group
2025-02-05 09:31:13.249267 INFO::Fitting model to feature number 33, Enterococcus
2025-02-05 09:31:13.280714 INFO::Fitting model to feature number 34, Streptococcus
2025-02-05 09:31:13.314049 INFO::Fitting model to feature number 35, o__Lactobacillales.f__unassigned.g__unassigned
2025-02-05 09:31:13.343998 INFO::Fitting model to feature number 36, Gemella
2025-02-05 09:31:13.3744 INFO::Fitting model to feature number 37, Christensenellaceae_R.7_group
2025-02-05 09:31:13.404752 INFO::Fitting model to feature number 38, f__Christensenellaceae.g__unassigned
2025-02-05 09:31:13.43489 INFO::Fitting model to feature number 39, f__Christensenellaceae.g__uncultured
2025-02-05 09:31:13.46827 INFO::Fitting model to feature number 40, Clostridia_UCG.014
2025-02-05 09:31:13.502206 INFO::Fitting model to feature number 41, Clostridia_vadinBB60_group
2025-02-05 09:31:13.534339 INFO::Fitting model to feature number 42, Clostridium_sensu_stricto_1
2025-02-05 09:31:13.566012 INFO::Fitting model to feature number 43, Agathobacter
2025-02-05 09:31:13.596186 INFO::Fitting model to feature number 44, Anaerostipes
2025-02-05 09:31:13.627747 INFO::Fitting model to feature number 45, Blautia
2025-02-05 09:31:13.659159 INFO::Fitting model to feature number 46, CAG.56
2025-02-05 09:31:13.688482 INFO::Fitting model to feature number 47, Coprococcus
2025-02-05 09:31:13.71946 INFO::Fitting model to feature number 48, Dorea
2025-02-05 09:31:13.749629 INFO::Fitting model to feature number 49, Eisenbergiella
2025-02-05 09:31:13.779194 INFO::Fitting model to feature number 50, Fusicatenibacter
2025-02-05 09:31:13.808659 INFO::Fitting model to feature number 51, GCA.900066575
2025-02-05 09:31:13.838092 INFO::Fitting model to feature number 52, Hungatella
2025-02-05 09:31:13.8678 INFO::Fitting model to feature number 53, Lachnoclostridium
2025-02-05 09:31:13.896793 INFO::Fitting model to feature number 54, Lachnospira
2025-02-05 09:31:13.926163 INFO::Fitting model to feature number 55, Lachnospiraceae_FCS020_group
2025-02-05 09:31:13.95626 INFO::Fitting model to feature number 56, Lachnospiraceae_ND3007_group
2025-02-05 09:31:14.009554 INFO::Fitting model to feature number 57, Lachnospiraceae_NK4A136_group
2025-02-05 09:31:14.046469 INFO::Fitting model to feature number 58, Lachnospiraceae_UCG.003
2025-02-05 09:31:14.082211 INFO::Fitting model to feature number 59, Lachnospiraceae_UCG.004
2025-02-05 09:31:14.113476 INFO::Fitting model to feature number 60, Lachnospiraceae_UCG.010
2025-02-05 09:31:14.143933 INFO::Fitting model to feature number 61, Marvinbryantia
2025-02-05 09:31:14.173712 INFO::Fitting model to feature number 62, Roseburia
2025-02-05 09:31:14.205826 INFO::Fitting model to feature number 63, Sellimonas
2025-02-05 09:31:14.256851 INFO::Fitting model to feature number 64, Tuzzerella
2025-02-05 09:31:14.298901 INFO::Fitting model to feature number 65, Tyzzerella
2025-02-05 09:31:14.331338 INFO::Fitting model to feature number 66, UC5.1.2E3
2025-02-05 09:31:14.361812 INFO::Fitting model to feature number 67, X.Eubacterium._eligens_group
2025-02-05 09:31:14.393476 INFO::Fitting model to feature number 68, X.Eubacterium._fissicatena_group
2025-02-05 09:31:14.423796 INFO::Fitting model to feature number 69, X.Eubacterium._hallii_group
2025-02-05 09:31:14.455001 INFO::Fitting model to feature number 70, X.Eubacterium._ruminantium_group
2025-02-05 09:31:14.485462 INFO::Fitting model to feature number 71, X.Eubacterium._ventriosum_group
2025-02-05 09:31:14.516548 INFO::Fitting model to feature number 72, X.Eubacterium._xylanophilum_group
2025-02-05 09:31:14.549806 INFO::Fitting model to feature number 73, X.Ruminococcus._gauvreauii_group
2025-02-05 09:31:14.605848 INFO::Fitting model to feature number 74, X.Ruminococcus._gnavus_group
2025-02-05 09:31:14.638724 INFO::Fitting model to feature number 75, X.Ruminococcus._torques_group
2025-02-05 09:31:14.670479 INFO::Fitting model to feature number 76, f__Lachnospiraceae.g__unassigned
2025-02-05 09:31:14.703676 INFO::Fitting model to feature number 77, Monoglobus
2025-02-05 09:31:14.735469 INFO::Fitting model to feature number 78, Butyricicoccus
2025-02-05 09:31:14.766529 INFO::Fitting model to feature number 79, Colidextribacter
2025-02-05 09:31:14.797781 INFO::Fitting model to feature number 80, Flavonifractor
2025-02-05 09:31:14.880658 INFO::Fitting model to feature number 81, Intestinimonas
2025-02-05 09:31:14.911248 INFO::Fitting model to feature number 82, NK4A214_group
2025-02-05 09:31:14.941869 INFO::Fitting model to feature number 83, Oscillibacter
2025-02-05 09:31:14.974181 INFO::Fitting model to feature number 84, Oscillospira
2025-02-05 09:31:15.006971 INFO::Fitting model to feature number 85, UCG.002
2025-02-05 09:31:15.041198 INFO::Fitting model to feature number 86, UCG.003
2025-02-05 09:31:15.074153 INFO::Fitting model to feature number 87, UCG.005
2025-02-05 09:31:15.115487 INFO::Fitting model to feature number 88, f__Oscillospiraceae.g__unassigned
2025-02-05 09:31:15.149808 INFO::Fitting model to feature number 89, f__Oscillospiraceae.g__uncultured
2025-02-05 09:31:15.191351 INFO::Fitting model to feature number 90, Anaerotruncus
2025-02-05 09:31:15.248155 INFO::Fitting model to feature number 91, Candidatus_Soleaferrea
2025-02-05 09:31:15.287035 INFO::Fitting model to feature number 92, DTU089
2025-02-05 09:31:15.328682 INFO::Fitting model to feature number 93, Faecalibacterium
2025-02-05 09:31:15.370865 INFO::Fitting model to feature number 94, Fournierella
2025-02-05 09:31:15.406561 INFO::Fitting model to feature number 95, Incertae_Sedis
2025-02-05 09:31:15.442439 INFO::Fitting model to feature number 96, Negativibacillus
2025-02-05 09:31:15.506996 INFO::Fitting model to feature number 97, Ruminococcus
2025-02-05 09:31:15.546922 INFO::Fitting model to feature number 98, Subdoligranulum
2025-02-05 09:31:15.581682 INFO::Fitting model to feature number 99, UBA1819
2025-02-05 09:31:15.613753 INFO::Fitting model to feature number 100, X.Eubacterium._siraeum_group
2025-02-05 09:31:15.644897 INFO::Fitting model to feature number 101, f__Ruminococcaceae.g__unassigned
2025-02-05 09:31:15.676298 INFO::Fitting model to feature number 102, f__Ruminococcaceae.g__uncultured
2025-02-05 09:31:15.707064 INFO::Fitting model to feature number 103, UCG.010
2025-02-05 09:31:15.781257 INFO::Fitting model to feature number 104, X.Clostridium._methylpentosum_group
2025-02-05 09:31:15.830996 INFO::Fitting model to feature number 105, X.Eubacterium._coprostanoligenes_group
2025-02-05 09:31:15.88191 INFO::Fitting model to feature number 106, Peptococcus
2025-02-05 09:31:15.933451 INFO::Fitting model to feature number 107, f__Peptococcaceae.g__uncultured
2025-02-05 09:31:15.982102 INFO::Fitting model to feature number 108, Family_XIII_AD3011_group
2025-02-05 09:31:16.060383 INFO::Fitting model to feature number 109, Family_XIII_UCG.001
2025-02-05 09:31:16.094693 INFO::Fitting model to feature number 110, Intestinibacter
2025-02-05 09:31:16.150029 INFO::Fitting model to feature number 111, Romboutsia
2025-02-05 09:31:16.186814 INFO::Fitting model to feature number 112, Phascolarctobacterium
2025-02-05 09:31:16.220825 INFO::Fitting model to feature number 113, Dialister
2025-02-05 09:31:16.259776 INFO::Fitting model to feature number 114, Veillonella
2025-02-05 09:31:16.30216 INFO::Fitting model to feature number 115, Fusobacterium
2025-02-05 09:31:16.339561 INFO::Fitting model to feature number 116, Methylobacterium.Methylorubrum
2025-02-05 09:31:16.381872 INFO::Fitting model to feature number 117, o__Rhodospirillales.f__uncultured.g__uncultured
2025-02-05 09:31:16.422201 INFO::Fitting model to feature number 118, Methylotenera
2025-02-05 09:31:16.45751 INFO::Fitting model to feature number 119, Janthinobacterium
2025-02-05 09:31:16.491444 INFO::Fitting model to feature number 120, Parasutterella
2025-02-05 09:31:16.523171 INFO::Fitting model to feature number 121, Sutterella
2025-02-05 09:31:16.55512 INFO::Fitting model to feature number 122, Escherichia.Shigella
2025-02-05 09:31:16.589677 INFO::Fitting model to feature number 123, Klebsiella
2025-02-05 09:31:16.624346 INFO::Fitting model to feature number 124, f__Enterobacteriaceae.g__unassigned
2025-02-05 09:31:16.661393 INFO::Fitting model to feature number 125, Haemophilus
2025-02-05 09:31:16.697839 INFO::Fitting model to feature number 126, Pseudomonas
2025-02-05 09:31:16.738867 INFO::Fitting model to feature number 127, Akkermansia
2025-02-05 09:31:16.79718 INFO::Fitting model to feature number 128, f__Coriobacteriales_Incertae_Sedis.g__uncultured
2025-02-05 09:31:16.837725 INFO::Fitting model to feature number 129, Enterorhabdus
2025-02-05 09:31:16.873519 INFO::Fitting model to feature number 130, f__Barnesiellaceae.g__uncultured
2025-02-05 09:31:16.914276 INFO::Fitting model to feature number 131, Alloprevotella
2025-02-05 09:31:16.973561 INFO::Fitting model to feature number 132, Prevotellaceae_NK3B31_group
2025-02-05 09:31:17.016772 INFO::Fitting model to feature number 133, Rikenellaceae_RC9_gut_group
2025-02-05 09:31:17.047214 INFO::Fitting model to feature number 134, Tannerellaceae
2025-02-05 09:31:17.0794 INFO::Fitting model to feature number 135, f__Desulfovibrionaceae.g__uncultured
2025-02-05 09:31:17.11184 INFO::Fitting model to feature number 136, Anaeroplasma
2025-02-05 09:31:17.167661 INFO::Fitting model to feature number 137, Dielma
2025-02-05 09:31:17.201123 INFO::Fitting model to feature number 138, Holdemanella
2025-02-05 09:31:17.231909 INFO::Fitting model to feature number 139, f__Erysipelotrichaceae.g__unassigned
2025-02-05 09:31:17.264722 INFO::Fitting model to feature number 140, Izemoplasmatales
2025-02-05 09:31:17.297498 INFO::Fitting model to feature number 141, Lactococcus
2025-02-05 09:31:17.333056 INFO::Fitting model to feature number 142, RF39
2025-02-05 09:31:17.370429 INFO::Fitting model to feature number 143, Anaerofustis
2025-02-05 09:31:17.414753 INFO::Fitting model to feature number 144, Defluviitaleaceae_UCG.011
2025-02-05 09:31:17.450963 INFO::Fitting model to feature number 145, Frisingicoccus
2025-02-05 09:31:17.494597 INFO::Fitting model to feature number 146, Howardella
2025-02-05 09:31:17.535812 INFO::Fitting model to feature number 147, Lachnospiraceae_UCG.001
2025-02-05 09:31:17.577166 INFO::Fitting model to feature number 148, Shuttleworthia
2025-02-05 09:31:17.61543 INFO::Fitting model to feature number 149, UCG.008
2025-02-05 09:31:17.647551 INFO::Fitting model to feature number 150, UCG.009
2025-02-05 09:31:17.686173 INFO::Fitting model to feature number 151, Pseudoflavonifractor
2025-02-05 09:31:17.71838 INFO::Fitting model to feature number 152, Hydrogenoanaerobacterium
2025-02-05 09:31:17.749899 INFO::Fitting model to feature number 153, Anaerofilum
2025-02-05 09:31:17.780963 INFO::Fitting model to feature number 154, Angelakisella
2025-02-05 09:31:17.811518 INFO::Fitting model to feature number 155, CAG.352
2025-02-05 09:31:17.844692 INFO::Fitting model to feature number 156, Caproiciproducens
2025-02-05 09:31:17.885923 INFO::Fitting model to feature number 157, Paludicola
2025-02-05 09:31:17.919657 INFO::Fitting model to feature number 158, Phocea
2025-02-05 09:31:17.951366 INFO::Fitting model to feature number 159, o__Oscillospirales.f__uncultured.g__uncultured
2025-02-05 09:31:17.982898 INFO::Fitting model to feature number 160, X.Eubacterium._brachy_group
2025-02-05 09:31:18.013935 INFO::Fitting model to feature number 161, Parvimonas
2025-02-05 09:31:18.050491 INFO::Fitting model to feature number 162, Peptostreptococcus
2025-02-05 09:31:18.080213 INFO::Fitting model to feature number 163, Terrisporobacter
2025-02-05 09:31:18.163424 INFO::Fitting model to feature number 164, Acidaminococcus
2025-02-05 09:31:18.256821 INFO::Counting total values for each feature
2025-02-05 09:31:18.265007 INFO::Writing filtered data to file ../intermediate_files/maaslin/Q1_norway//genus/healthy vs Grouppost_ltx/features/filtered_data.tsv
2025-02-05 09:31:18.315994 INFO::Writing filtered, normalized data to file ../intermediate_files/maaslin/Q1_norway//genus/healthy vs Grouppost_ltx/features/filtered_data_norm.tsv
2025-02-05 09:31:18.408318 INFO::Writing filtered, normalized, transformed data to file ../intermediate_files/maaslin/Q1_norway//genus/healthy vs Grouppost_ltx/features/filtered_data_norm_transformed.tsv
2025-02-05 09:31:18.492686 WARNING::Deleting existing residuals file: ../intermediate_files/maaslin/Q1_norway//genus/healthy vs Grouppost_ltx/fits/residuals.rds
2025-02-05 09:31:18.494502 INFO::Writing residuals to file ../intermediate_files/maaslin/Q1_norway//genus/healthy vs Grouppost_ltx/fits/residuals.rds
2025-02-05 09:31:18.506282 WARNING::Deleting existing fitted file: ../intermediate_files/maaslin/Q1_norway//genus/healthy vs Grouppost_ltx/fits/fitted.rds
2025-02-05 09:31:18.507906 INFO::Writing fitted values to file ../intermediate_files/maaslin/Q1_norway//genus/healthy vs Grouppost_ltx/fits/fitted.rds
2025-02-05 09:31:18.514521 WARNING::Deleting existing ranef file: ../intermediate_files/maaslin/Q1_norway//genus/healthy vs Grouppost_ltx/fits/ranef.rds
2025-02-05 09:31:18.516116 INFO::Writing extracted random effects to file ../intermediate_files/maaslin/Q1_norway//genus/healthy vs Grouppost_ltx/fits/ranef.rds
2025-02-05 09:31:18.520292 INFO::Writing all results to file (ordered by increasing q-values): ../intermediate_files/maaslin/Q1_norway//genus/healthy vs Grouppost_ltx/all_results.tsv
2025-02-05 09:31:18.524368 INFO::Writing the significant results (those which are less than or equal to the threshold of 0.050000 ) to file (ordered by increasing q-values): ../intermediate_files/maaslin/Q1_norway//genus/healthy vs Grouppost_ltx/significant_results.tsv
2025-02-05 09:31:18.526737 INFO::Writing heatmap of significant results to file: ../intermediate_files/maaslin/Q1_norway//genus/healthy vs Grouppost_ltx/heatmap.pdf
2025-02-05 09:31:18.532399 INFO::Writing association plots (one for each significant association) to output folder: ../intermediate_files/maaslin/Q1_norway//genus/healthy vs Grouppost_ltx
2025-02-05 09:31:18.535433 INFO::Plotting associations from most to least significant, grouped by metadata
2025-02-05 09:31:18.536571 INFO::Plotting data for metadata number 1, Group
2025-02-05 09:31:18.538905 INFO::Creating boxplot for categorical data, Group vs Lachnospiraceae_UCG.010
2025-02-05 09:31:18.666503 INFO::Creating boxplot for categorical data, Group vs Colidextribacter
2025-02-05 09:31:18.772017 INFO::Creating boxplot for categorical data, Group vs o__Rhodospirillales.f__uncultured.g__uncultured
2025-02-05 09:31:18.912788 INFO::Creating boxplot for categorical data, Group vs Enterococcus
2025-02-05 09:31:19.081752 INFO::Creating boxplot for categorical data, Group vs Christensenellaceae_R.7_group
2025-02-05 09:31:19.200721 INFO::Creating boxplot for categorical data, Group vs f__Ruminococcaceae.g__uncultured
2025-02-05 09:31:19.305989 INFO::Creating boxplot for categorical data, Group vs Odoribacter
2025-02-05 09:31:19.41488 INFO::Creating boxplot for categorical data, Group vs Clostridia_UCG.014
2025-02-05 09:31:19.544192 INFO::Creating boxplot for categorical data, Group vs f__Oscillospiraceae.g__unassigned
2025-02-05 09:31:19.688131 INFO::Creating boxplot for categorical data, Group vs Lachnoclostridium
2025-02-05 09:31:19.79039 INFO::Creating boxplot for categorical data, Group vs Adlercreutzia
2025-02-05 09:31:19.892097 INFO::Creating boxplot for categorical data, Group vs Phascolarctobacterium
2025-02-05 09:31:19.997942 INFO::Creating boxplot for categorical data, Group vs f__Lachnospiraceae.g__unassigned
2025-02-05 09:31:20.107627 INFO::Creating boxplot for categorical data, Group vs Romboutsia
2025-02-05 09:31:20.227026 INFO::Creating boxplot for categorical data, Group vs f__Peptococcaceae.g__uncultured
2025-02-05 09:31:20.367911 INFO::Creating boxplot for categorical data, Group vs f__Enterobacteriaceae.g__unassigned
2025-02-05 09:31:20.471686 INFO::Creating boxplot for categorical data, Group vs UCG.005
2025-02-05 09:31:20.571803 INFO::Creating boxplot for categorical data, Group vs Intestinimonas
2025-02-05 09:31:20.676542 INFO::Creating boxplot for categorical data, Group vs Ruminococcus
2025-02-05 09:31:20.795344 INFO::Creating boxplot for categorical data, Group vs Erysipelotrichaceae_UCG.003
2025-02-05 09:31:20.893862 INFO::Creating boxplot for categorical data, Group vs Family_XIII_UCG.001
2025-02-05 09:31:20.98875 INFO::Creating boxplot for categorical data, Group vs Parabacteroides
2025-02-05 09:31:21.08731 INFO::Creating boxplot for categorical data, Group vs Alistipes
2025-02-05 09:31:21.183638 INFO::Creating boxplot for categorical data, Group vs Coprococcus
2025-02-05 09:31:21.282765 INFO::Creating boxplot for categorical data, Group vs Gastranaerophilales
2025-02-05 09:31:21.381411 INFO::Creating boxplot for categorical data, Group vs Haemophilus
2025-02-05 09:31:21.476335 INFO::Creating boxplot for categorical data, Group vs Butyricimonas
2025-02-05 09:31:21.598399 INFO::Creating boxplot for categorical data, Group vs Barnesiella
2025-02-05 09:31:21.697041 INFO::Creating boxplot for categorical data, Group vs Parasediminibacterium
2025-02-05 09:31:21.795697 INFO::Creating boxplot for categorical data, Group vs f__Coriobacteriales_Incertae_Sedis.g__uncultured
2025-02-05 09:31:21.89238 INFO::Creating boxplot for categorical data, Group vs Family_XIII_AD3011_group
2025-02-05 09:31:21.989052 INFO::Creating boxplot for categorical data, Group vs Methylobacterium.Methylorubrum
2025-02-05 09:31:22.087292 INFO::Creating boxplot for categorical data, Group vs GCA.900066575
2025-02-05 09:31:22.191688 INFO::Creating boxplot for categorical data, Group vs Oscillospira
2025-02-05 09:31:22.319424 INFO::Creating boxplot for categorical data, Group vs Candidatus_Soleaferrea
2025-02-05 09:31:22.436057 INFO::Creating boxplot for categorical data, Group vs UCG.002
2025-02-05 09:31:22.550503 INFO::Creating boxplot for categorical data, Group vs f__Barnesiellaceae.g__uncultured
2025-02-05 09:31:22.661738 INFO::Creating boxplot for categorical data, Group vs Veillonella
2025-02-05 09:31:22.813336 INFO::Creating boxplot for categorical data, Group vs Marvinbryantia
2025-02-05 09:31:22.95776 INFO::Creating boxplot for categorical data, Group vs Bilophila
2025-02-05 09:31:23.049553 INFO::Creating boxplot for categorical data, Group vs f__Oscillospiraceae.g__uncultured
2025-02-05 09:31:23.142841 INFO::Creating boxplot for categorical data, Group vs Escherichia.Shigella
2025-02-05 09:31:23.237315 INFO::Creating boxplot for categorical data, Group vs Streptococcus
2025-02-05 09:31:23.360253 INFO::Creating boxplot for categorical data, Group vs X.Eubacterium._coprostanoligenes_group
2025-02-05 09:31:23.510842 INFO::Creating boxplot for categorical data, Group vs Methylotenera
2025-02-05 09:31:23.614267 INFO::Creating boxplot for categorical data, Group vs Roseburia
2025-02-05 09:31:23.719172 INFO::Creating boxplot for categorical data, Group vs Klebsiella
2025-02-05 09:31:23.836088 INFO::Creating boxplot for categorical data, Group vs Janthinobacterium
2025-02-05 09:31:23.937862 INFO::Creating boxplot for categorical data, Group vs Hungatella
2025-02-05 09:31:24.035396 INFO::Creating boxplot for categorical data, Group vs Senegalimassilia
2025-02-05 09:31:24.157101 INFO::Creating boxplot for categorical data, Group vs Angelakisella
2025-02-05 09:31:24.255501 INFO::Creating boxplot for categorical data, Group vs Holdemania
2025-02-05 09:31:24.355356 INFO::Creating boxplot for categorical data, Group vs Cutibacterium
2025-02-05 09:31:24.453749 INFO::Creating boxplot for categorical data, Group vs Hydrogenoanaerobacterium
2025-02-05 09:31:24.707932 INFO::Creating boxplot for categorical data, Group vs Anaerotruncus
2025-02-05 09:31:24.871723 INFO::Creating boxplot for categorical data, Group vs Pseudoflavonifractor
2025-02-05 09:31:25.107469 INFO::Creating boxplot for categorical data, Group vs X.Clostridium._methylpentosum_group
2025-02-05 09:31:25.31843 INFO::Creating boxplot for categorical data, Group vs Clostridia_vadinBB60_group
2025-02-05 09:31:25.446978 INFO::Creating boxplot for categorical data, Group vs f__Desulfovibrionaceae.g__uncultured
2025-02-05 09:31:25.687659 INFO::Creating boxplot for categorical data, Group vs UCG.009
2025-02-05 09:31:26.014229 INFO::Creating boxplot for categorical data, Group vs Holdemanella
2025-02-05 09:31:26.168822 INFO::Creating boxplot for categorical data, Group vs Muribaculaceae
2025-02-05 09:31:26.450265 INFO::Creating boxplot for categorical data, Group vs X.Eubacterium._ventriosum_group
2025-02-05 09:31:26.555328 INFO::Creating boxplot for categorical data, Group vs f__Ruminococcaceae.g__unassigned
2025-02-05 09:31:26.66001 INFO::Creating boxplot for categorical data, Group vs Tannerellaceae
2025-02-05 09:31:26.768327 INFO::Creating boxplot for categorical data, Group vs Sutterella
2025-02-05 09:31:26.861574 INFO::Creating boxplot for categorical data, Group vs X.Eubacterium._hallii_group
2025-02-05 09:31:26.954953 INFO::Creating boxplot for categorical data, Group vs Frisingicoccus
2025-02-05 09:31:27.047401 INFO::Creating boxplot for categorical data, Group vs o__Oscillospirales.f__uncultured.g__uncultured
2025-02-05 09:31:27.146373 INFO::Creating boxplot for categorical data, Group vs Collinsella
2025-02-05 09:31:27.24299 INFO::Creating boxplot for categorical data, Group vs Oscillibacter
2025-02-05 09:31:27.343324 INFO::Creating boxplot for categorical data, Group vs Peptococcus
2025-02-05 09:31:27.440584 INFO::Creating boxplot for categorical data, Group vs Lachnospiraceae_NK4A136_group
2025-02-05 09:31:27.538138 INFO::Creating boxplot for categorical data, Group vs Coprobacter
2025-02-05 09:31:27.678757 INFO::Creating boxplot for categorical data, Group vs Caproiciproducens
2025-02-05 09:31:27.776094 INFO::Creating boxplot for categorical data, Group vs X.Ruminococcus._torques_group
2025-02-05 09:31:27.867312 INFO::Creating boxplot for categorical data, Group vs f__Eggerthellaceae.g__uncultured
2025-02-05 09:31:27.963486 INFO::Creating boxplot for categorical data, Group vs Negativibacillus
2025-02-05 09:31:28.058409 INFO::Creating boxplot for categorical data, Group vs X.Eubacterium._brachy_group
