2025-02-18 14:36:40.963605 INFO::Writing function arguments to log file
2025-02-18 14:36:40.968222 DEBUG::Function arguments
2025-02-18 14:36:40.96997 DEBUG::Output folder: ../intermediate_files/maaslin/Q3/Phylum//no_ibd vs Groupibd
2025-02-18 14:36:40.971555 DEBUG::Min Abundance: 0.000000
2025-02-18 14:36:40.973087 DEBUG::Min Prevalence: 0.000000
2025-02-18 14:36:40.974671 DEBUG::Normalization: TSS
2025-02-18 14:36:40.976301 DEBUG::Transform: LOG
2025-02-18 14:36:40.977941 DEBUG::Analysis method: LM
2025-02-18 14:36:40.979563 DEBUG::Max significance: 0.050000
2025-02-18 14:36:40.980955 DEBUG::Random effects: Patient
2025-02-18 14:36:40.9825 DEBUG::Fixed effects: Group,Country
2025-02-18 14:36:40.984128 DEBUG::Correction method: BH
2025-02-18 14:36:40.987264 DEBUG::Standardize: TRUE
2025-02-18 14:36:40.988915 DEBUG::Cores: 1
2025-02-18 14:36:40.990281 INFO::Verifying options selected are valid
2025-02-18 14:36:40.99375 INFO::Determining format of input files
2025-02-18 14:36:41.000699 INFO::Input format is data samples as columns and metadata samples as rows
2025-02-18 14:36:41.008519 DEBUG::Transformed data so samples are rows
2025-02-18 14:36:41.012121 DEBUG::A total of 337 samples were found in both the data and metadata
2025-02-18 14:36:41.015371 DEBUG::Reordering data/metadata to use same sample ordering
2025-02-18 14:36:41.018676 INFO::Formula for random effects: expr ~ (1 | Patient)
2025-02-18 14:36:41.022038 INFO::Formula for fixed effects: expr ~  Group + Country
2025-02-18 14:36:41.026271 INFO::Factor detected for categorial metadata 'Group'. Provide a reference argument or manually set factor ordering to change reference level.
2025-02-18 14:36:41.031392 INFO::Filter data based on min abundance and min prevalence
2025-02-18 14:36:41.035422 INFO::Total samples in data: 337
2025-02-18 14:36:41.038508 INFO::Min samples required with min abundance for a feature not to be filtered: 0.000000
2025-02-18 14:36:41.043365 INFO::Total filtered features: 0
2025-02-18 14:36:41.04645 INFO::Filtered feature names from abundance and prevalence filtering:
2025-02-18 14:36:41.05182 INFO::Total filtered features with variance filtering: 0
2025-02-18 14:36:41.055983 INFO::Filtered feature names from variance filtering:
2025-02-18 14:36:41.05937 INFO::Running selected normalization method: TSS
2025-02-18 14:36:41.065384 INFO::Applying z-score to standardize continuous metadata
2025-02-18 14:36:41.077755 INFO::Running selected transform method: LOG
2025-02-18 14:36:41.082838 INFO::Running selected analysis method: LM
2025-02-18 14:36:41.090949 INFO::Fitting model to feature number 1, Actinobacteriota
2025-02-18 14:36:41.231005 INFO::Fitting model to feature number 2, Bacteroidota
2025-02-18 14:36:41.330576 INFO::Fitting model to feature number 3, Desulfobacterota
2025-02-18 14:36:41.426548 INFO::Fitting model to feature number 4, Firmicutes
2025-02-18 14:36:41.505538 INFO::Fitting model to feature number 5, Fusobacteriota
2025-02-18 14:36:41.587737 INFO::Fitting model to feature number 6, Proteobacteria
2025-02-18 14:36:41.670843 INFO::Fitting model to feature number 7, Verrucomicrobiota
2025-02-18 14:36:41.757434 INFO::Fitting model to feature number 8, Campylobacterota
2025-02-18 14:36:41.84215 INFO::Fitting model to feature number 9, Cyanobacteria
2025-02-18 14:36:41.934104 INFO::Fitting model to feature number 10, Synergistota
2025-02-18 14:36:42.042828 INFO::Counting total values for each feature
2025-02-18 14:36:42.047724 INFO::Writing filtered data to file ../intermediate_files/maaslin/Q3/Phylum//no_ibd vs Groupibd/features/filtered_data.tsv
2025-02-18 14:36:42.062491 INFO::Writing filtered, normalized data to file ../intermediate_files/maaslin/Q3/Phylum//no_ibd vs Groupibd/features/filtered_data_norm.tsv
2025-02-18 14:36:42.077943 INFO::Writing filtered, normalized, transformed data to file ../intermediate_files/maaslin/Q3/Phylum//no_ibd vs Groupibd/features/filtered_data_norm_transformed.tsv
2025-02-18 14:36:42.09926 WARNING::Deleting existing residuals file: ../intermediate_files/maaslin/Q3/Phylum//no_ibd vs Groupibd/fits/residuals.rds
2025-02-18 14:36:42.103261 INFO::Writing residuals to file ../intermediate_files/maaslin/Q3/Phylum//no_ibd vs Groupibd/fits/residuals.rds
2025-02-18 14:36:42.109547 WARNING::Deleting existing fitted file: ../intermediate_files/maaslin/Q3/Phylum//no_ibd vs Groupibd/fits/fitted.rds
2025-02-18 14:36:42.114683 INFO::Writing fitted values to file ../intermediate_files/maaslin/Q3/Phylum//no_ibd vs Groupibd/fits/fitted.rds
2025-02-18 14:36:42.119676 INFO::Writing extracted random effects to file ../intermediate_files/maaslin/Q3/Phylum//no_ibd vs Groupibd/fits/ranef.rds
2025-02-18 14:36:42.1248 INFO::Writing all results to file (ordered by increasing q-values): ../intermediate_files/maaslin/Q3/Phylum//no_ibd vs Groupibd/all_results.tsv
2025-02-18 14:36:42.132624 INFO::Writing the significant results (those which are less than or equal to the threshold of 0.050000 ) to file (ordered by increasing q-values): ../intermediate_files/maaslin/Q3/Phylum//no_ibd vs Groupibd/significant_results.tsv
2025-02-18 14:36:42.137482 INFO::Writing heatmap of significant results to file: ../intermediate_files/maaslin/Q3/Phylum//no_ibd vs Groupibd/heatmap.pdf
2025-02-18 14:36:42.21901 INFO::Writing association plots (one for each significant association) to output folder: ../intermediate_files/maaslin/Q3/Phylum//no_ibd vs Groupibd
2025-02-18 14:36:42.224248 INFO::Plotting associations from most to least significant, grouped by metadata
2025-02-18 14:36:42.228075 INFO::Plotting data for metadata number 1, Country
2025-02-18 14:36:42.234854 INFO::Creating boxplot for categorical data, Country vs Actinobacteriota
2025-02-18 14:36:42.86869 INFO::Plotting data for metadata number 2, Group
2025-02-18 14:36:42.880071 INFO::Creating boxplot for categorical data, Group vs Verrucomicrobiota
2025-02-18 14:36:43.186616 INFO::Creating boxplot for categorical data, Group vs Cyanobacteria
