2025-02-18 09:59:47.271613 INFO::Writing function arguments to log file
2025-02-18 09:59:47.275432 DEBUG::Function arguments
2025-02-18 09:59:47.276816 DEBUG::Output folder: ../intermediate_files/maaslin/Q1_norway/Phylum//pre_ltx vs Grouppost_ltx
2025-02-18 09:59:47.278464 DEBUG::Min Abundance: 0.000000
2025-02-18 09:59:47.280185 DEBUG::Min Prevalence: 0.000000
2025-02-18 09:59:47.281658 DEBUG::Normalization: TSS
2025-02-18 09:59:47.283067 DEBUG::Transform: LOG
2025-02-18 09:59:47.284738 DEBUG::Analysis method: LM
2025-02-18 09:59:47.2867 DEBUG::Max significance: 0.050000
2025-02-18 09:59:47.288466 DEBUG::Random effects: Patient
2025-02-18 09:59:47.290251 DEBUG::Fixed effects: Group
2025-02-18 09:59:47.29194 DEBUG::Correction method: BH
2025-02-18 09:59:47.295848 DEBUG::Standardize: TRUE
2025-02-18 09:59:47.297845 DEBUG::Cores: 1
2025-02-18 09:59:47.299537 INFO::Verifying options selected are valid
2025-02-18 09:59:47.303788 INFO::Determining format of input files
2025-02-18 09:59:47.307809 INFO::Input format is data samples as columns and metadata samples as rows
2025-02-18 09:59:47.316547 DEBUG::Transformed data so samples are rows
2025-02-18 09:59:47.318867 DEBUG::A total of 349 samples were found in both the data and metadata
2025-02-18 09:59:47.320547 DEBUG::Reordering data/metadata to use same sample ordering
2025-02-18 09:59:47.322699 INFO::Formula for random effects: expr ~ (1 | Patient)
2025-02-18 09:59:47.326919 INFO::Formula for fixed effects: expr ~  Group
2025-02-18 09:59:47.332453 INFO::Factor detected for categorial metadata 'Group'. Provide a reference argument or manually set factor ordering to change reference level.
2025-02-18 09:59:47.338029 INFO::Filter data based on min abundance and min prevalence
2025-02-18 09:59:47.343021 INFO::Total samples in data: 349
2025-02-18 09:59:47.348138 INFO::Min samples required with min abundance for a feature not to be filtered: 0.000000
2025-02-18 09:59:47.353265 INFO::Total filtered features: 0
2025-02-18 09:59:47.357884 INFO::Filtered feature names from abundance and prevalence filtering:
2025-02-18 09:59:47.364452 INFO::Total filtered features with variance filtering: 0
2025-02-18 09:59:47.369118 INFO::Filtered feature names from variance filtering:
2025-02-18 09:59:47.374318 INFO::Running selected normalization method: TSS
2025-02-18 09:59:47.381012 INFO::Applying z-score to standardize continuous metadata
2025-02-18 09:59:47.391571 INFO::Running selected transform method: LOG
2025-02-18 09:59:47.397593 INFO::Running selected analysis method: LM
2025-02-18 09:59:47.409923 INFO::Fitting model to feature number 1, Actinobacteriota
2025-02-18 09:59:47.535537 INFO::Fitting model to feature number 2, Bacteroidota
2025-02-18 09:59:47.661319 INFO::Fitting model to feature number 3, Cyanobacteria
2025-02-18 09:59:47.813406 INFO::Fitting model to feature number 4, Desulfobacterota
2025-02-18 09:59:47.949005 INFO::Fitting model to feature number 5, Firmicutes
2025-02-18 09:59:48.085885 INFO::Fitting model to feature number 6, Fusobacteriota
2025-02-18 09:59:48.220296 INFO::Fitting model to feature number 7, Proteobacteria
2025-02-18 09:59:48.382586 INFO::Fitting model to feature number 8, Verrucomicrobiota
2025-02-18 09:59:48.58776 INFO::Counting total values for each feature
2025-02-18 09:59:48.594899 INFO::Writing filtered data to file ../intermediate_files/maaslin/Q1_norway/Phylum//pre_ltx vs Grouppost_ltx/features/filtered_data.tsv
2025-02-18 09:59:48.609724 INFO::Writing filtered, normalized data to file ../intermediate_files/maaslin/Q1_norway/Phylum//pre_ltx vs Grouppost_ltx/features/filtered_data_norm.tsv
2025-02-18 09:59:48.63416 INFO::Writing filtered, normalized, transformed data to file ../intermediate_files/maaslin/Q1_norway/Phylum//pre_ltx vs Grouppost_ltx/features/filtered_data_norm_transformed.tsv
2025-02-18 09:59:48.661892 WARNING::Deleting existing residuals file: ../intermediate_files/maaslin/Q1_norway/Phylum//pre_ltx vs Grouppost_ltx/fits/residuals.rds
2025-02-18 09:59:48.667877 INFO::Writing residuals to file ../intermediate_files/maaslin/Q1_norway/Phylum//pre_ltx vs Grouppost_ltx/fits/residuals.rds
2025-02-18 09:59:48.676049 WARNING::Deleting existing fitted file: ../intermediate_files/maaslin/Q1_norway/Phylum//pre_ltx vs Grouppost_ltx/fits/fitted.rds
2025-02-18 09:59:48.681835 INFO::Writing fitted values to file ../intermediate_files/maaslin/Q1_norway/Phylum//pre_ltx vs Grouppost_ltx/fits/fitted.rds
2025-02-18 09:59:48.691046 WARNING::Deleting existing ranef file: ../intermediate_files/maaslin/Q1_norway/Phylum//pre_ltx vs Grouppost_ltx/fits/ranef.rds
2025-02-18 09:59:48.6964 INFO::Writing extracted random effects to file ../intermediate_files/maaslin/Q1_norway/Phylum//pre_ltx vs Grouppost_ltx/fits/ranef.rds
2025-02-18 09:59:48.702157 INFO::Writing all results to file (ordered by increasing q-values): ../intermediate_files/maaslin/Q1_norway/Phylum//pre_ltx vs Grouppost_ltx/all_results.tsv
2025-02-18 09:59:48.70791 INFO::Writing the significant results (those which are less than or equal to the threshold of 0.050000 ) to file (ordered by increasing q-values): ../intermediate_files/maaslin/Q1_norway/Phylum//pre_ltx vs Grouppost_ltx/significant_results.tsv
2025-02-18 09:59:48.712809 INFO::Writing heatmap of significant results to file: ../intermediate_files/maaslin/Q1_norway/Phylum//pre_ltx vs Grouppost_ltx/heatmap.pdf
2025-02-18 09:59:48.721326 INFO::Writing association plots (one for each significant association) to output folder: ../intermediate_files/maaslin/Q1_norway/Phylum//pre_ltx vs Grouppost_ltx
2025-02-18 09:59:48.728582 INFO::Plotting associations from most to least significant, grouped by metadata
2025-02-18 09:59:48.733249 INFO::Plotting data for metadata number 1, Group
2025-02-18 09:59:48.741407 INFO::Creating boxplot for categorical data, Group vs Proteobacteria
2025-02-18 09:59:49.0715 INFO::Creating boxplot for categorical data, Group vs Firmicutes
