2025-02-15 17:40:01.822116 INFO::Writing function arguments to log file
2025-02-15 17:40:01.82746 DEBUG::Function arguments
2025-02-15 17:40:01.829211 DEBUG::Output folder: ../intermediate_files/maaslin/Q1/Phylum//healthy vs Grouppost_ltx
2025-02-15 17:40:01.830861 DEBUG::Min Abundance: 0.000000
2025-02-15 17:40:01.832514 DEBUG::Min Prevalence: 0.000000
2025-02-15 17:40:01.834192 DEBUG::Normalization: TSS
2025-02-15 17:40:01.835966 DEBUG::Transform: LOG
2025-02-15 17:40:01.837664 DEBUG::Analysis method: LM
2025-02-15 17:40:01.839321 DEBUG::Max significance: 0.050000
2025-02-15 17:40:01.841001 DEBUG::Random effects: Patient
2025-02-15 17:40:01.842671 DEBUG::Fixed effects: Group,Country
2025-02-15 17:40:01.844429 DEBUG::Correction method: BH
2025-02-15 17:40:01.848228 DEBUG::Standardize: TRUE
2025-02-15 17:40:01.850056 DEBUG::Cores: 1
2025-02-15 17:40:01.851991 INFO::Verifying options selected are valid
2025-02-15 17:40:01.856403 INFO::Determining format of input files
2025-02-15 17:40:01.860662 INFO::Input format is data samples as columns and metadata samples as rows
2025-02-15 17:40:01.87552 DEBUG::Transformed data so samples are rows
2025-02-15 17:40:01.879207 DEBUG::A total of 511 samples were found in both the data and metadata
2025-02-15 17:40:01.881779 DEBUG::Reordering data/metadata to use same sample ordering
2025-02-15 17:40:01.884915 INFO::Formula for random effects: expr ~ (1 | Patient)
2025-02-15 17:40:01.889469 INFO::Formula for fixed effects: expr ~  Group + Country
2025-02-15 17:40:01.893741 INFO::Factor detected for categorial metadata 'Group'. Provide a reference argument or manually set factor ordering to change reference level.
2025-02-15 17:40:01.898024 INFO::Filter data based on min abundance and min prevalence
2025-02-15 17:40:01.902518 INFO::Total samples in data: 511
2025-02-15 17:40:01.906597 INFO::Min samples required with min abundance for a feature not to be filtered: 0.000000
2025-02-15 17:40:01.911222 INFO::Total filtered features: 0
2025-02-15 17:40:01.915304 INFO::Filtered feature names from abundance and prevalence filtering:
2025-02-15 17:40:01.920402 INFO::Total filtered features with variance filtering: 0
2025-02-15 17:40:01.924365 INFO::Filtered feature names from variance filtering:
2025-02-15 17:40:01.92828 INFO::Running selected normalization method: TSS
2025-02-15 17:40:01.936416 INFO::Applying z-score to standardize continuous metadata
2025-02-15 17:40:01.949463 INFO::Running selected transform method: LOG
2025-02-15 17:40:01.955761 INFO::Running selected analysis method: LM
2025-02-15 17:40:01.966876 INFO::Fitting model to feature number 1, Actinobacteriota
2025-02-15 17:40:02.120995 INFO::Fitting model to feature number 2, Bacteroidota
2025-02-15 17:40:02.256246 INFO::Fitting model to feature number 3, Cyanobacteria
2025-02-15 17:40:02.38586 INFO::Fitting model to feature number 4, Desulfobacterota
2025-02-15 17:40:02.531467 INFO::Fitting model to feature number 5, Firmicutes
2025-02-15 17:40:02.68572 INFO::Fitting model to feature number 6, Fusobacteriota
2025-02-15 17:40:02.862499 INFO::Fitting model to feature number 7, Proteobacteria
2025-02-15 17:40:03.053787 INFO::Fitting model to feature number 8, Verrucomicrobiota
2025-02-15 17:40:03.264728 INFO::Counting total values for each feature
2025-02-15 17:40:03.276701 INFO::Writing filtered data to file ../intermediate_files/maaslin/Q1/Phylum//healthy vs Grouppost_ltx/features/filtered_data.tsv
2025-02-15 17:40:03.335487 INFO::Writing filtered, normalized data to file ../intermediate_files/maaslin/Q1/Phylum//healthy vs Grouppost_ltx/features/filtered_data_norm.tsv
2025-02-15 17:40:03.405912 INFO::Writing filtered, normalized, transformed data to file ../intermediate_files/maaslin/Q1/Phylum//healthy vs Grouppost_ltx/features/filtered_data_norm_transformed.tsv
2025-02-15 17:40:03.484914 WARNING::Deleting existing residuals file: ../intermediate_files/maaslin/Q1/Phylum//healthy vs Grouppost_ltx/fits/residuals.rds
2025-02-15 17:40:03.493857 INFO::Writing residuals to file ../intermediate_files/maaslin/Q1/Phylum//healthy vs Grouppost_ltx/fits/residuals.rds
2025-02-15 17:40:03.511757 WARNING::Deleting existing fitted file: ../intermediate_files/maaslin/Q1/Phylum//healthy vs Grouppost_ltx/fits/fitted.rds
2025-02-15 17:40:03.520978 INFO::Writing fitted values to file ../intermediate_files/maaslin/Q1/Phylum//healthy vs Grouppost_ltx/fits/fitted.rds
2025-02-15 17:40:03.537467 WARNING::Deleting existing ranef file: ../intermediate_files/maaslin/Q1/Phylum//healthy vs Grouppost_ltx/fits/ranef.rds
2025-02-15 17:40:03.549252 INFO::Writing extracted random effects to file ../intermediate_files/maaslin/Q1/Phylum//healthy vs Grouppost_ltx/fits/ranef.rds
2025-02-15 17:40:03.567927 INFO::Writing all results to file (ordered by increasing q-values): ../intermediate_files/maaslin/Q1/Phylum//healthy vs Grouppost_ltx/all_results.tsv
2025-02-15 17:40:03.583069 INFO::Writing the significant results (those which are less than or equal to the threshold of 0.050000 ) to file (ordered by increasing q-values): ../intermediate_files/maaslin/Q1/Phylum//healthy vs Grouppost_ltx/significant_results.tsv
2025-02-15 17:40:03.595511 INFO::Writing heatmap of significant results to file: ../intermediate_files/maaslin/Q1/Phylum//healthy vs Grouppost_ltx/heatmap.pdf
2025-02-15 17:40:03.821114 INFO::Writing association plots (one for each significant association) to output folder: ../intermediate_files/maaslin/Q1/Phylum//healthy vs Grouppost_ltx
2025-02-15 17:40:03.836601 INFO::Plotting associations from most to least significant, grouped by metadata
2025-02-15 17:40:03.847425 INFO::Plotting data for metadata number 1, Country
2025-02-15 17:40:03.862932 INFO::Creating boxplot for categorical data, Country vs Actinobacteriota
2025-02-15 17:40:04.47102 INFO::Creating boxplot for categorical data, Country vs Proteobacteria
2025-02-15 17:40:06.595652 INFO::Plotting data for metadata number 2, Group
2025-02-15 17:40:06.609527 INFO::Creating boxplot for categorical data, Group vs Desulfobacterota
2025-02-15 17:40:07.195727 INFO::Creating boxplot for categorical data, Group vs Fusobacteriota
2025-02-15 17:40:07.811101 INFO::Creating boxplot for categorical data, Group vs Proteobacteria
2025-02-15 17:40:08.410931 INFO::Creating boxplot for categorical data, Group vs Cyanobacteria
2025-02-15 17:40:09.0391 INFO::Creating boxplot for categorical data, Group vs Bacteroidota
2025-02-15 17:40:10.012435 INFO::Creating boxplot for categorical data, Group vs Verrucomicrobiota
2025-02-15 17:40:10.670404 INFO::Creating boxplot for categorical data, Group vs Firmicutes
