2025-02-15 17:39:35.926299 INFO::Writing function arguments to log file
2025-02-15 17:39:35.934412 DEBUG::Function arguments
2025-02-15 17:39:35.937496 DEBUG::Output folder: ../intermediate_files/maaslin/Q1/Phylum//pre_ltx vs Grouppost_ltx
2025-02-15 17:39:35.940759 DEBUG::Min Abundance: 0.000000
2025-02-15 17:39:35.943857 DEBUG::Min Prevalence: 0.000000
2025-02-15 17:39:35.946805 DEBUG::Normalization: TSS
2025-02-15 17:39:35.949696 DEBUG::Transform: LOG
2025-02-15 17:39:35.952802 DEBUG::Analysis method: LM
2025-02-15 17:39:35.955966 DEBUG::Max significance: 0.050000
2025-02-15 17:39:35.959027 DEBUG::Random effects: Patient
2025-02-15 17:39:35.962081 DEBUG::Fixed effects: Group,Country
2025-02-15 17:39:35.965146 DEBUG::Correction method: BH
2025-02-15 17:39:35.970418 DEBUG::Standardize: TRUE
2025-02-15 17:39:35.973863 DEBUG::Cores: 1
2025-02-15 17:39:35.976969 INFO::Verifying options selected are valid
2025-02-15 17:39:35.985423 INFO::Determining format of input files
2025-02-15 17:39:35.993505 INFO::Input format is data samples as columns and metadata samples as rows
2025-02-15 17:39:36.017773 DEBUG::Transformed data so samples are rows
2025-02-15 17:39:36.022319 DEBUG::A total of 600 samples were found in both the data and metadata
2025-02-15 17:39:36.025518 DEBUG::Reordering data/metadata to use same sample ordering
2025-02-15 17:39:36.030376 INFO::Formula for random effects: expr ~ (1 | Patient)
2025-02-15 17:39:36.038843 INFO::Formula for fixed effects: expr ~  Group + Country
2025-02-15 17:39:36.047948 INFO::Factor detected for categorial metadata 'Group'. Provide a reference argument or manually set factor ordering to change reference level.
2025-02-15 17:39:36.057218 INFO::Filter data based on min abundance and min prevalence
2025-02-15 17:39:36.064974 INFO::Total samples in data: 600
2025-02-15 17:39:36.07288 INFO::Min samples required with min abundance for a feature not to be filtered: 0.000000
2025-02-15 17:39:36.082266 INFO::Total filtered features: 0
2025-02-15 17:39:36.091705 INFO::Filtered feature names from abundance and prevalence filtering:
2025-02-15 17:39:36.101696 INFO::Total filtered features with variance filtering: 0
2025-02-15 17:39:36.10845 INFO::Filtered feature names from variance filtering:
2025-02-15 17:39:36.116359 INFO::Running selected normalization method: TSS
2025-02-15 17:39:36.130744 INFO::Applying z-score to standardize continuous metadata
2025-02-15 17:39:36.150987 INFO::Running selected transform method: LOG
2025-02-15 17:39:36.163933 INFO::Running selected analysis method: LM
2025-02-15 17:39:36.180037 INFO::Fitting model to feature number 1, Actinobacteriota
2025-02-15 17:39:36.426459 INFO::Fitting model to feature number 2, Bacteroidota
2025-02-15 17:39:36.665105 INFO::Fitting model to feature number 3, Cyanobacteria
2025-02-15 17:39:36.892346 INFO::Fitting model to feature number 4, Desulfobacterota
2025-02-15 17:39:37.428713 INFO::Fitting model to feature number 5, Firmicutes
2025-02-15 17:39:37.687006 INFO::Fitting model to feature number 6, Fusobacteriota
2025-02-15 17:39:37.921833 INFO::Fitting model to feature number 7, Proteobacteria
2025-02-15 17:39:38.154077 INFO::Fitting model to feature number 8, Verrucomicrobiota
2025-02-15 17:39:38.404074 INFO::Counting total values for each feature
2025-02-15 17:39:38.417791 INFO::Writing filtered data to file ../intermediate_files/maaslin/Q1/Phylum//pre_ltx vs Grouppost_ltx/features/filtered_data.tsv
2025-02-15 17:39:38.466165 INFO::Writing filtered, normalized data to file ../intermediate_files/maaslin/Q1/Phylum//pre_ltx vs Grouppost_ltx/features/filtered_data_norm.tsv
2025-02-15 17:39:38.526938 INFO::Writing filtered, normalized, transformed data to file ../intermediate_files/maaslin/Q1/Phylum//pre_ltx vs Grouppost_ltx/features/filtered_data_norm_transformed.tsv
2025-02-15 17:39:38.604557 WARNING::Deleting existing residuals file: ../intermediate_files/maaslin/Q1/Phylum//pre_ltx vs Grouppost_ltx/fits/residuals.rds
2025-02-15 17:39:38.615115 INFO::Writing residuals to file ../intermediate_files/maaslin/Q1/Phylum//pre_ltx vs Grouppost_ltx/fits/residuals.rds
2025-02-15 17:39:38.638223 WARNING::Deleting existing fitted file: ../intermediate_files/maaslin/Q1/Phylum//pre_ltx vs Grouppost_ltx/fits/fitted.rds
2025-02-15 17:39:38.648735 INFO::Writing fitted values to file ../intermediate_files/maaslin/Q1/Phylum//pre_ltx vs Grouppost_ltx/fits/fitted.rds
2025-02-15 17:39:38.668564 WARNING::Deleting existing ranef file: ../intermediate_files/maaslin/Q1/Phylum//pre_ltx vs Grouppost_ltx/fits/ranef.rds
2025-02-15 17:39:38.679113 INFO::Writing extracted random effects to file ../intermediate_files/maaslin/Q1/Phylum//pre_ltx vs Grouppost_ltx/fits/ranef.rds
2025-02-15 17:39:38.696334 INFO::Writing all results to file (ordered by increasing q-values): ../intermediate_files/maaslin/Q1/Phylum//pre_ltx vs Grouppost_ltx/all_results.tsv
2025-02-15 17:39:38.710776 INFO::Writing the significant results (those which are less than or equal to the threshold of 0.050000 ) to file (ordered by increasing q-values): ../intermediate_files/maaslin/Q1/Phylum//pre_ltx vs Grouppost_ltx/significant_results.tsv
2025-02-15 17:39:38.722126 INFO::Writing heatmap of significant results to file: ../intermediate_files/maaslin/Q1/Phylum//pre_ltx vs Grouppost_ltx/heatmap.pdf
2025-02-15 17:39:38.936308 INFO::Writing association plots (one for each significant association) to output folder: ../intermediate_files/maaslin/Q1/Phylum//pre_ltx vs Grouppost_ltx
2025-02-15 17:39:38.949303 INFO::Plotting associations from most to least significant, grouped by metadata
2025-02-15 17:39:38.957185 INFO::Plotting data for metadata number 1, Country
2025-02-15 17:39:38.970198 INFO::Creating boxplot for categorical data, Country vs Actinobacteriota
2025-02-15 17:39:39.564307 INFO::Creating boxplot for categorical data, Country vs Proteobacteria
2025-02-15 17:39:40.181487 INFO::Creating boxplot for categorical data, Country vs Firmicutes
2025-02-15 17:39:43.201211 INFO::Plotting data for metadata number 2, Group
2025-02-15 17:39:43.232915 INFO::Creating boxplot for categorical data, Group vs Proteobacteria
2025-02-15 17:39:43.814134 INFO::Creating boxplot for categorical data, Group vs Fusobacteriota
2025-02-15 17:39:44.467638 INFO::Creating boxplot for categorical data, Group vs Firmicutes
