2025-02-10 12:42:25.555913 INFO::Writing function arguments to log file
2025-02-10 12:42:25.557995 DEBUG::Function arguments
2025-02-10 12:42:25.558764 DEBUG::Output folder: ../intermediate_files/maaslin/Q1_czech//genus/pre_ltx vs Grouppost_ltx
2025-02-10 12:42:25.559459 DEBUG::Min Abundance: 0.000000
2025-02-10 12:42:25.560125 DEBUG::Min Prevalence: 0.000000
2025-02-10 12:42:25.560783 DEBUG::Normalization: TSS
2025-02-10 12:42:25.561507 DEBUG::Transform: LOG
2025-02-10 12:42:25.562119 DEBUG::Analysis method: LM
2025-02-10 12:42:25.562717 DEBUG::Max significance: 0.050000
2025-02-10 12:42:25.563688 DEBUG::Random effects: Patient
2025-02-10 12:42:25.564343 DEBUG::Fixed effects: Group
2025-02-10 12:42:25.564966 DEBUG::Correction method: BH
2025-02-10 12:42:25.567574 DEBUG::Standardize: TRUE
2025-02-10 12:42:25.569005 DEBUG::Cores: 1
2025-02-10 12:42:25.570291 INFO::Verifying options selected are valid
2025-02-10 12:42:25.572645 INFO::Determining format of input files
2025-02-10 12:42:25.574429 INFO::Input format is data samples as columns and metadata samples as rows
2025-02-10 12:42:25.578328 DEBUG::Transformed data so samples are rows
2025-02-10 12:42:25.580226 DEBUG::A total of 251 samples were found in both the data and metadata
2025-02-10 12:42:25.580956 DEBUG::Reordering data/metadata to use same sample ordering
2025-02-10 12:42:25.582727 INFO::Formula for random effects: expr ~ (1 | Patient)
2025-02-10 12:42:25.584698 INFO::Formula for fixed effects: expr ~  Group
2025-02-10 12:42:25.586732 INFO::Factor detected for categorial metadata 'Group'. Provide a reference argument or manually set factor ordering to change reference level.
2025-02-10 12:42:25.588653 INFO::Filter data based on min abundance and min prevalence
2025-02-10 12:42:25.590324 INFO::Total samples in data: 251
2025-02-10 12:42:25.591915 INFO::Min samples required with min abundance for a feature not to be filtered: 0.000000
2025-02-10 12:42:25.595616 INFO::Total filtered features: 0
2025-02-10 12:42:25.597824 INFO::Filtered feature names from abundance and prevalence filtering:
2025-02-10 12:42:25.603419 INFO::Total filtered features with variance filtering: 0
2025-02-10 12:42:25.605273 INFO::Filtered feature names from variance filtering:
2025-02-10 12:42:25.606884 INFO::Running selected normalization method: TSS
2025-02-10 12:42:25.612265 INFO::Applying z-score to standardize continuous metadata
2025-02-10 12:42:25.619421 INFO::Running selected transform method: LOG
2025-02-10 12:42:25.628632 INFO::Running selected analysis method: LM
2025-02-10 12:42:25.633887 INFO::Fitting model to feature number 1, Actinomyces
2025-02-10 12:42:25.696583 INFO::Fitting model to feature number 2, Bifidobacterium
2025-02-10 12:42:25.748862 INFO::Fitting model to feature number 3, Corynebacterium
2025-02-10 12:42:25.810703 INFO::Fitting model to feature number 4, Rothia
2025-02-10 12:42:25.866629 INFO::Fitting model to feature number 5, Atopobium
2025-02-10 12:42:25.930487 INFO::Fitting model to feature number 6, Libanicoccus
2025-02-10 12:42:25.982645 INFO::Fitting model to feature number 7, Olsenella
2025-02-10 12:42:26.035884 INFO::Fitting model to feature number 8, Collinsella
2025-02-10 12:42:26.093182 INFO::Fitting model to feature number 9, f__Coriobacteriales_Incertae_Sedis.g__uncultured
2025-02-10 12:42:26.142744 INFO::Fitting model to feature number 10, Adlercreutzia
2025-02-10 12:42:26.193182 INFO::Fitting model to feature number 11, Eggerthella
2025-02-10 12:42:26.261995 INFO::Fitting model to feature number 12, Enterorhabdus
2025-02-10 12:42:26.317436 INFO::Fitting model to feature number 13, Gordonibacter
2025-02-10 12:42:26.383864 INFO::Fitting model to feature number 14, Senegalimassilia
2025-02-10 12:42:26.436012 INFO::Fitting model to feature number 15, Slackia
2025-02-10 12:42:26.482431 INFO::Fitting model to feature number 16, f__Eggerthellaceae.g__uncultured
2025-02-10 12:42:26.538656 INFO::Fitting model to feature number 17, Bacteroides
2025-02-10 12:42:26.587499 INFO::Fitting model to feature number 18, Barnesiella
2025-02-10 12:42:26.632522 INFO::Fitting model to feature number 19, Coprobacter
2025-02-10 12:42:26.725258 INFO::Fitting model to feature number 20, Butyricimonas
2025-02-10 12:42:26.791303 INFO::Fitting model to feature number 21, Odoribacter
2025-02-10 12:42:26.844502 INFO::Fitting model to feature number 22, Paraprevotella
2025-02-10 12:42:26.902871 INFO::Fitting model to feature number 23, Prevotella_7
2025-02-10 12:42:26.956099 INFO::Fitting model to feature number 24, Prevotella_9
2025-02-10 12:42:27.003717 INFO::Fitting model to feature number 25, Alistipes
2025-02-10 12:42:27.063412 INFO::Fitting model to feature number 26, Parabacteroides
2025-02-10 12:42:27.124425 INFO::Fitting model to feature number 27, Campylobacter
2025-02-10 12:42:27.185448 INFO::Fitting model to feature number 28, Gastranaerophilales
2025-02-10 12:42:27.232255 INFO::Fitting model to feature number 29, Bilophila
2025-02-10 12:42:27.276065 INFO::Fitting model to feature number 30, Desulfovibrio
2025-02-10 12:42:27.326916 INFO::Fitting model to feature number 31, f__Desulfovibrionaceae.g__uncultured
2025-02-10 12:42:27.399007 INFO::Fitting model to feature number 32, Catenibacterium
2025-02-10 12:42:27.454493 INFO::Fitting model to feature number 33, Erysipelatoclostridium
2025-02-10 12:42:27.497901 INFO::Fitting model to feature number 34, Erysipelotrichaceae_UCG.003
2025-02-10 12:42:27.543127 INFO::Fitting model to feature number 35, Faecalicoccus
2025-02-10 12:42:27.589464 INFO::Fitting model to feature number 36, Faecalitalea
2025-02-10 12:42:27.63537 INFO::Fitting model to feature number 37, Holdemanella
2025-02-10 12:42:27.695384 INFO::Fitting model to feature number 38, Holdemania
2025-02-10 12:42:27.744384 INFO::Fitting model to feature number 39, Merdibacter
2025-02-10 12:42:27.801628 INFO::Fitting model to feature number 40, Turicibacter
2025-02-10 12:42:27.868736 INFO::Fitting model to feature number 41, X.Clostridium._innocuum_group
2025-02-10 12:42:27.924524 INFO::Fitting model to feature number 42, f__Erysipelotrichaceae.g__unassigned
2025-02-10 12:42:27.974597 INFO::Fitting model to feature number 43, Enterococcus
2025-02-10 12:42:28.019463 INFO::Fitting model to feature number 44, Lactobacillus
2025-02-10 12:42:28.088887 INFO::Fitting model to feature number 45, Ligilactobacillus
2025-02-10 12:42:28.172417 INFO::Fitting model to feature number 46, Lactococcus
2025-02-10 12:42:28.226762 INFO::Fitting model to feature number 47, Streptococcus
2025-02-10 12:42:28.281047 INFO::Fitting model to feature number 48, o__Lactobacillales.f__unassigned.g__unassigned
2025-02-10 12:42:28.374473 INFO::Fitting model to feature number 49, RF39
2025-02-10 12:42:28.446585 INFO::Fitting model to feature number 50, Gemella
2025-02-10 12:42:28.518773 INFO::Fitting model to feature number 51, Staphylococcus
2025-02-10 12:42:28.573135 INFO::Fitting model to feature number 52, Christensenellaceae_R.7_group
2025-02-10 12:42:28.625797 INFO::Fitting model to feature number 53, Clostridia_UCG.014
2025-02-10 12:42:28.674744 INFO::Fitting model to feature number 54, Clostridia_vadinBB60_group
2025-02-10 12:42:28.721264 INFO::Fitting model to feature number 55, Clostridium_sensu_stricto_1
2025-02-10 12:42:28.770274 INFO::Fitting model to feature number 56, Agathobacter
2025-02-10 12:42:28.823742 INFO::Fitting model to feature number 57, Anaerostipes
2025-02-10 12:42:28.870891 INFO::Fitting model to feature number 58, Blautia
2025-02-10 12:42:28.935541 INFO::Fitting model to feature number 59, CAG.56
2025-02-10 12:42:28.990448 INFO::Fitting model to feature number 60, Coprococcus
2025-02-10 12:42:29.051906 INFO::Fitting model to feature number 61, Dorea
2025-02-10 12:42:29.130273 INFO::Fitting model to feature number 62, Eisenbergiella
2025-02-10 12:42:29.183536 INFO::Fitting model to feature number 63, Frisingicoccus
2025-02-10 12:42:29.234403 INFO::Fitting model to feature number 64, Fusicatenibacter
2025-02-10 12:42:29.284259 INFO::Fitting model to feature number 65, GCA.900066575
2025-02-10 12:42:29.335271 INFO::Fitting model to feature number 66, Howardella
2025-02-10 12:42:29.384292 INFO::Fitting model to feature number 67, Hungatella
2025-02-10 12:42:29.441945 INFO::Fitting model to feature number 68, Lachnoclostridium
2025-02-10 12:42:29.498892 INFO::Fitting model to feature number 69, Lachnospira
2025-02-10 12:42:29.549487 INFO::Fitting model to feature number 70, Lachnospiraceae_FCS020_group
2025-02-10 12:42:29.612207 INFO::Fitting model to feature number 71, Lachnospiraceae_ND3007_group
2025-02-10 12:42:29.690868 INFO::Fitting model to feature number 72, Lachnospiraceae_NK4A136_group
2025-02-10 12:42:29.750189 INFO::Fitting model to feature number 73, Lachnospiraceae_UCG.004
2025-02-10 12:42:29.802273 INFO::Fitting model to feature number 74, Lachnospiraceae_UCG.010
2025-02-10 12:42:29.861965 INFO::Fitting model to feature number 75, Marvinbryantia
2025-02-10 12:42:29.91409 INFO::Fitting model to feature number 76, Roseburia
2025-02-10 12:42:29.975836 INFO::Fitting model to feature number 77, Sellimonas
2025-02-10 12:42:30.031684 INFO::Fitting model to feature number 78, Tuzzerella
2025-02-10 12:42:30.102834 INFO::Fitting model to feature number 79, X.Eubacterium._eligens_group
2025-02-10 12:42:30.152554 INFO::Fitting model to feature number 80, X.Eubacterium._hallii_group
2025-02-10 12:42:30.19998 INFO::Fitting model to feature number 81, X.Eubacterium._ventriosum_group
2025-02-10 12:42:30.24658 INFO::Fitting model to feature number 82, X.Eubacterium._xylanophilum_group
2025-02-10 12:42:30.301865 INFO::Fitting model to feature number 83, X.Ruminococcus._gauvreauii_group
2025-02-10 12:42:30.353688 INFO::Fitting model to feature number 84, X.Ruminococcus._gnavus_group
2025-02-10 12:42:30.406652 INFO::Fitting model to feature number 85, X.Ruminococcus._torques_group
2025-02-10 12:42:30.46365 INFO::Fitting model to feature number 86, f__Lachnospiraceae.g__unassigned
2025-02-10 12:42:30.525658 INFO::Fitting model to feature number 87, Monoglobus
2025-02-10 12:42:30.575623 INFO::Fitting model to feature number 88, Butyricicoccus
2025-02-10 12:42:30.633189 INFO::Fitting model to feature number 89, Colidextribacter
2025-02-10 12:42:30.679833 INFO::Fitting model to feature number 90, Flavonifractor
2025-02-10 12:42:30.74524 INFO::Fitting model to feature number 91, Intestinimonas
2025-02-10 12:42:30.792306 INFO::Fitting model to feature number 92, NK4A214_group
2025-02-10 12:42:30.847369 INFO::Fitting model to feature number 93, Oscillibacter
2025-02-10 12:42:30.900851 INFO::Fitting model to feature number 94, Oscillospira
2025-02-10 12:42:30.961113 INFO::Fitting model to feature number 95, UCG.002
2025-02-10 12:42:31.028903 INFO::Fitting model to feature number 96, UCG.003
2025-02-10 12:42:31.157015 INFO::Fitting model to feature number 97, UCG.005
2025-02-10 12:42:31.228959 INFO::Fitting model to feature number 98, f__Oscillospiraceae.g__unassigned
2025-02-10 12:42:31.325271 INFO::Fitting model to feature number 99, f__Oscillospiraceae.g__uncultured
2025-02-10 12:42:31.414559 INFO::Fitting model to feature number 100, Anaerotruncus
2025-02-10 12:42:31.500335 INFO::Fitting model to feature number 101, DTU089
2025-02-10 12:42:31.576273 INFO::Fitting model to feature number 102, Faecalibacterium
2025-02-10 12:42:31.647464 INFO::Fitting model to feature number 103, Fournierella
2025-02-10 12:42:31.73382 INFO::Fitting model to feature number 104, Incertae_Sedis
2025-02-10 12:42:31.795115 INFO::Fitting model to feature number 105, Negativibacillus
2025-02-10 12:42:31.847024 INFO::Fitting model to feature number 106, Ruminococcus
2025-02-10 12:42:31.936486 INFO::Fitting model to feature number 107, Subdoligranulum
2025-02-10 12:42:31.994264 INFO::Fitting model to feature number 108, UBA1819
2025-02-10 12:42:32.075494 INFO::Fitting model to feature number 109, X.Eubacterium._siraeum_group
2025-02-10 12:42:32.167139 INFO::Fitting model to feature number 110, f__Ruminococcaceae.g__unassigned
2025-02-10 12:42:32.23358 INFO::Fitting model to feature number 111, f__Ruminococcaceae.g__uncultured
2025-02-10 12:42:32.309899 INFO::Fitting model to feature number 112, UCG.010
2025-02-10 12:42:32.445941 INFO::Fitting model to feature number 113, X.Eubacterium._coprostanoligenes_group
2025-02-10 12:42:32.528196 INFO::Fitting model to feature number 114, Peptococcus
2025-02-10 12:42:32.625454 INFO::Fitting model to feature number 115, Family_XIII_AD3011_group
2025-02-10 12:42:32.704001 INFO::Fitting model to feature number 116, Mogibacterium
2025-02-10 12:42:32.762382 INFO::Fitting model to feature number 117, X.Eubacterium._brachy_group
2025-02-10 12:42:32.822026 INFO::Fitting model to feature number 118, X.Eubacterium._nodatum_group
2025-02-10 12:42:32.873755 INFO::Fitting model to feature number 119, Anaerococcus
2025-02-10 12:42:32.92202 INFO::Fitting model to feature number 120, Finegoldia
2025-02-10 12:42:32.98008 INFO::Fitting model to feature number 121, Peptoniphilus
2025-02-10 12:42:33.031911 INFO::Fitting model to feature number 122, Intestinibacter
2025-02-10 12:42:33.114107 INFO::Fitting model to feature number 123, Peptostreptococcus
2025-02-10 12:42:33.17255 INFO::Fitting model to feature number 124, Romboutsia
2025-02-10 12:42:33.228692 INFO::Fitting model to feature number 125, Terrisporobacter
2025-02-10 12:42:33.281479 INFO::Fitting model to feature number 126, Acidaminococcus
2025-02-10 12:42:33.363473 INFO::Fitting model to feature number 127, Phascolarctobacterium
2025-02-10 12:42:33.463348 INFO::Fitting model to feature number 128, Megamonas
2025-02-10 12:42:33.552205 INFO::Fitting model to feature number 129, Allisonella
2025-02-10 12:42:33.614998 INFO::Fitting model to feature number 130, Dialister
2025-02-10 12:42:33.683264 INFO::Fitting model to feature number 131, Megasphaera
2025-02-10 12:42:33.773652 INFO::Fitting model to feature number 132, Veillonella
2025-02-10 12:42:33.852959 INFO::Fitting model to feature number 133, Veillonellaceae
2025-02-10 12:42:33.944084 INFO::Fitting model to feature number 134, Fusobacterium
2025-02-10 12:42:34.044428 INFO::Fitting model to feature number 135, TM7x
2025-02-10 12:42:34.129283 INFO::Fitting model to feature number 136, f__Xanthobacteraceae.g__unassigned
2025-02-10 12:42:34.219699 INFO::Fitting model to feature number 137, o__Rhodospirillales.f__uncultured.g__uncultured
2025-02-10 12:42:34.311015 INFO::Fitting model to feature number 138, Sphingobium
2025-02-10 12:42:34.376373 INFO::Fitting model to feature number 139, Neisseria
2025-02-10 12:42:34.509146 INFO::Fitting model to feature number 140, Parasutterella
2025-02-10 12:42:34.583489 INFO::Fitting model to feature number 141, Sutterella
2025-02-10 12:42:34.66021 INFO::Fitting model to feature number 142, Escherichia.Shigella
2025-02-10 12:42:34.759979 INFO::Fitting model to feature number 143, Klebsiella
2025-02-10 12:42:34.843169 INFO::Fitting model to feature number 144, f__Enterobacteriaceae.g__unassigned
2025-02-10 12:42:34.906269 INFO::Fitting model to feature number 145, Actinobacillus
2025-02-10 12:42:34.983871 INFO::Fitting model to feature number 146, Aggregatibacter
2025-02-10 12:42:35.074187 INFO::Fitting model to feature number 147, Haemophilus
2025-02-10 12:42:35.162827 INFO::Fitting model to feature number 148, Pseudomonas
2025-02-10 12:42:35.2816 INFO::Fitting model to feature number 149, Akkermansia
2025-02-10 12:42:35.372558 INFO::Fitting model to feature number 150, Alloscardovia
2025-02-10 12:42:35.460245 INFO::Fitting model to feature number 151, f__Barnesiellaceae.g__uncultured
2025-02-10 12:42:35.511798 INFO::Fitting model to feature number 152, Dysgonomonas
2025-02-10 12:42:35.560846 INFO::Fitting model to feature number 153, Muribaculaceae
2025-02-10 12:42:35.604685 INFO::Fitting model to feature number 154, Porphyromonas
2025-02-10 12:42:35.65383 INFO::Fitting model to feature number 155, Alloprevotella
2025-02-10 12:42:35.70114 INFO::Fitting model to feature number 156, Abiotrophia
2025-02-10 12:42:35.747801 INFO::Fitting model to feature number 157, Lacticaseibacillus
2025-02-10 12:42:35.800524 INFO::Fitting model to feature number 158, Leuconostoc
2025-02-10 12:42:35.854806 INFO::Fitting model to feature number 159, Limosilactobacillus
2025-02-10 12:42:35.898557 INFO::Fitting model to feature number 160, f__Lactobacillaceae.g__unassigned
2025-02-10 12:42:35.961548 INFO::Fitting model to feature number 161, f__Christensenellaceae.g__unassigned
2025-02-10 12:42:36.02748 INFO::Fitting model to feature number 162, Anaerofustis
2025-02-10 12:42:36.08809 INFO::Fitting model to feature number 163, Lachnospiraceae_UCG.001
2025-02-10 12:42:36.135768 INFO::Fitting model to feature number 164, Lachnospiraceae_UCG.003
2025-02-10 12:42:36.189411 INFO::Fitting model to feature number 165, Lactonifactor
2025-02-10 12:42:36.234524 INFO::Fitting model to feature number 166, Oribacterium
2025-02-10 12:42:36.291692 INFO::Fitting model to feature number 167, Robinsoniella
2025-02-10 12:42:36.352157 INFO::Fitting model to feature number 168, X.Eubacterium._fissicatena_group
2025-02-10 12:42:36.4116 INFO::Fitting model to feature number 169, X.Eubacterium._ruminantium_group
2025-02-10 12:42:36.461783 INFO::Fitting model to feature number 170, Pseudoflavonifractor
2025-02-10 12:42:36.51563 INFO::Fitting model to feature number 171, CAG.352
2025-02-10 12:42:36.558927 INFO::Fitting model to feature number 172, Candidatus_Soleaferrea
2025-02-10 12:42:36.613554 INFO::Fitting model to feature number 173, Paludicola
2025-02-10 12:42:36.658695 INFO::Fitting model to feature number 174, X.Clostridium._methylpentosum_group
2025-02-10 12:42:36.738878 INFO::Fitting model to feature number 175, Family_XIII_UCG.001
2025-02-10 12:42:36.783545 INFO::Fitting model to feature number 176, Parvimonas
2025-02-10 12:42:36.842832 INFO::Fitting model to feature number 177, Clostridioides
2025-02-10 12:42:36.897942 INFO::Fitting model to feature number 178, Anaeroglobus
2025-02-10 12:42:36.961628 INFO::Fitting model to feature number 179, Citrobacter
2025-02-10 12:42:37.005495 INFO::Fitting model to feature number 180, o__Enterobacterales.f__unassigned.g__unassigned
2025-02-10 12:42:37.065886 INFO::Fitting model to feature number 181, Azotobacter
2025-02-10 12:42:37.141764 INFO::Counting total values for each feature
2025-02-10 12:42:37.149918 INFO::Writing filtered data to file ../intermediate_files/maaslin/Q1_czech//genus/pre_ltx vs Grouppost_ltx/features/filtered_data.tsv
2025-02-10 12:42:37.210992 INFO::Writing filtered, normalized data to file ../intermediate_files/maaslin/Q1_czech//genus/pre_ltx vs Grouppost_ltx/features/filtered_data_norm.tsv
2025-02-10 12:42:37.299249 INFO::Writing filtered, normalized, transformed data to file ../intermediate_files/maaslin/Q1_czech//genus/pre_ltx vs Grouppost_ltx/features/filtered_data_norm_transformed.tsv
2025-02-10 12:42:37.487071 WARNING::Deleting existing residuals file: ../intermediate_files/maaslin/Q1_czech//genus/pre_ltx vs Grouppost_ltx/fits/residuals.rds
2025-02-10 12:42:37.489931 INFO::Writing residuals to file ../intermediate_files/maaslin/Q1_czech//genus/pre_ltx vs Grouppost_ltx/fits/residuals.rds
2025-02-10 12:42:37.52193 WARNING::Deleting existing fitted file: ../intermediate_files/maaslin/Q1_czech//genus/pre_ltx vs Grouppost_ltx/fits/fitted.rds
2025-02-10 12:42:37.528917 INFO::Writing fitted values to file ../intermediate_files/maaslin/Q1_czech//genus/pre_ltx vs Grouppost_ltx/fits/fitted.rds
2025-02-10 12:42:37.554653 WARNING::Deleting existing ranef file: ../intermediate_files/maaslin/Q1_czech//genus/pre_ltx vs Grouppost_ltx/fits/ranef.rds
2025-02-10 12:42:37.558315 INFO::Writing extracted random effects to file ../intermediate_files/maaslin/Q1_czech//genus/pre_ltx vs Grouppost_ltx/fits/ranef.rds
2025-02-10 12:42:37.566322 INFO::Writing all results to file (ordered by increasing q-values): ../intermediate_files/maaslin/Q1_czech//genus/pre_ltx vs Grouppost_ltx/all_results.tsv
2025-02-10 12:42:37.574974 INFO::Writing the significant results (those which are less than or equal to the threshold of 0.050000 ) to file (ordered by increasing q-values): ../intermediate_files/maaslin/Q1_czech//genus/pre_ltx vs Grouppost_ltx/significant_results.tsv
2025-02-10 12:42:37.580397 INFO::Writing heatmap of significant results to file: ../intermediate_files/maaslin/Q1_czech//genus/pre_ltx vs Grouppost_ltx/heatmap.pdf
2025-02-10 12:42:37.587075 INFO::Writing association plots (one for each significant association) to output folder: ../intermediate_files/maaslin/Q1_czech//genus/pre_ltx vs Grouppost_ltx
2025-02-10 12:42:37.592598 INFO::Plotting associations from most to least significant, grouped by metadata
2025-02-10 12:42:37.595347 INFO::Plotting data for metadata number 1, Group
2025-02-10 12:42:37.600457 INFO::Creating boxplot for categorical data, Group vs Haemophilus
2025-02-10 12:42:37.774253 INFO::Creating boxplot for categorical data, Group vs X.Eubacterium._fissicatena_group
2025-02-10 12:42:38.015491 INFO::Creating boxplot for categorical data, Group vs Dorea
2025-02-10 12:42:38.23406 INFO::Creating boxplot for categorical data, Group vs Eisenbergiella
2025-02-10 12:42:38.481291 INFO::Creating boxplot for categorical data, Group vs Sphingobium
2025-02-10 12:42:38.731326 INFO::Creating boxplot for categorical data, Group vs Escherichia.Shigella
2025-02-10 12:42:38.911173 INFO::Creating boxplot for categorical data, Group vs Sutterella
2025-02-10 12:42:39.118143 INFO::Creating boxplot for categorical data, Group vs Enterococcus
2025-02-10 12:42:39.314789 INFO::Creating boxplot for categorical data, Group vs X.Ruminococcus._torques_group
2025-02-10 12:42:39.508136 INFO::Creating boxplot for categorical data, Group vs Lactonifactor
2025-02-10 12:42:39.716199 INFO::Creating boxplot for categorical data, Group vs Fusobacterium
2025-02-10 12:42:39.890088 INFO::Creating boxplot for categorical data, Group vs Hungatella
2025-02-10 12:42:40.100197 INFO::Creating boxplot for categorical data, Group vs Agathobacter
2025-02-10 12:42:40.389312 INFO::Creating boxplot for categorical data, Group vs Senegalimassilia
2025-02-10 12:42:40.565552 INFO::Creating boxplot for categorical data, Group vs Dysgonomonas
2025-02-10 12:42:40.709452 INFO::Creating boxplot for categorical data, Group vs Incertae_Sedis
2025-02-10 12:42:40.838825 INFO::Creating boxplot for categorical data, Group vs Finegoldia
2025-02-10 12:42:40.99805 INFO::Creating boxplot for categorical data, Group vs Alloscardovia
